0 verbose cli /usr/local/bin/node /usr/local/bin/npm
1 info using npm@11.6.2
2 info using node@v24.10.0
3 silly config load:file:/usr/local/lib/node_modules/npm/npmrc
4 silly config load:file:/Users/ramyadhamodharan/Sam-hub/saman2ny/.npmrc
5 silly config load:file:/Users/ramyadhamodharan/.npmrc
6 silly config load:file:/usr/local/etc/npmrc
7 verbose title npm audit
8 verbose argv "audit" "--cache" ".npm-cache" "--json"
9 verbose logfile logs-max:10 dir:/Users/ramyadhamodharan/Sam-hub/saman2ny/.npm-cache/_logs/2026-07-06T14_29_30_143Z-
10 verbose logfile /Users/ramyadhamodharan/Sam-hub/saman2ny/.npm-cache/_logs/2026-07-06T14_29_30_143Z-debug-0.log
11 silly logfile done cleaning log files
12 silly packumentCache heap:4496293888 maxSize:1124073472 maxEntrySize:562036736
13 silly audit bulk request {
13 silly audit   '@astrojs/check': [ '0.9.9' ],
13 silly audit   kleur: [ '4.1.5', '3.0.3' ],
13 silly audit   '@astrojs/compiler': [ '2.13.1' ],
13 silly audit   '@astrojs/internal-helpers': [ '0.7.6' ],
13 silly audit   '@astrojs/language-server': [ '2.16.11' ],
13 silly audit   '@astrojs/markdown-remark': [ '6.3.11' ],
13 silly audit   '@astrojs/prism': [ '3.3.0' ],
13 silly audit   '@types/hast': [ '3.0.4' ],
13 silly audit   '@types/unist': [ '3.0.3' ],
13 silly audit   devlop: [ '1.1.0' ],
13 silly audit   'hast-util-from-html': [ '2.0.3' ],
13 silly audit   'hast-util-is-element': [ '3.0.0' ],
13 silly audit   'hast-util-to-text': [ '4.0.2' ],
13 silly audit   '@astrojs/telemetry': [ '3.3.0' ],
13 silly audit   'is-docker': [ '3.0.0' ],
13 silly audit   'is-inside-container': [ '1.0.0' ],
13 silly audit   'is-wsl': [ '3.1.1' ],
13 silly audit   '@astrojs/yaml2ts': [ '0.2.4' ],
13 silly audit   '@babel/helper-string-parser': [ '7.29.7' ],
13 silly audit   '@babel/helper-validator-identifier': [ '7.29.7' ],
13 silly audit   '@capsizecss/unpack': [ '4.0.1' ],
13 silly audit   fontkitten: [ '1.0.3' ],
13 silly audit   '@emmetio/abbreviation': [ '2.3.3' ],
13 silly audit   '@emmetio/css-abbreviation': [ '2.1.8' ],
13 silly audit   '@emmetio/css-parser': [ '0.4.1' ],
13 silly audit   '@emmetio/html-matcher': [ '1.3.0' ],
13 silly audit   '@emmetio/scanner': [ '1.0.4' ],
13 silly audit   '@emmetio/stream-reader': [ '2.2.0' ],
13 silly audit   '@emmetio/stream-reader-utils': [ '0.1.0' ],
13 silly audit   '@emnapi/runtime': [ '1.11.2' ],
13 silly audit   '@esbuild/aix-ppc64': [ '0.27.7', '0.25.12' ],
13 silly audit   '@esbuild/android-arm': [ '0.27.7', '0.25.12' ],
13 silly audit   '@esbuild/android-arm64': [ '0.27.7', '0.25.12' ],
13 silly audit   '@esbuild/android-x64': [ '0.27.7', '0.25.12' ],
13 silly audit   '@esbuild/darwin-x64': [ '0.27.7', '0.25.12' ],
13 silly audit   '@esbuild/freebsd-arm64': [ '0.27.7', '0.25.12' ],
13 silly audit   '@esbuild/freebsd-x64': [ '0.27.7', '0.25.12' ],
13 silly audit   '@esbuild/linux-arm': [ '0.27.7', '0.25.12' ],
13 silly audit   '@esbuild/linux-arm64': [ '0.27.7', '0.25.12' ],
13 silly audit   '@esbuild/linux-ia32': [ '0.27.7', '0.25.12' ],
13 silly audit   '@esbuild/linux-loong64': [ '0.27.7', '0.25.12' ],
13 silly audit   '@esbuild/linux-mips64el': [ '0.27.7', '0.25.12' ],
13 silly audit   '@esbuild/linux-ppc64': [ '0.27.7', '0.25.12' ],
13 silly audit   '@esbuild/linux-riscv64': [ '0.27.7', '0.25.12' ],
13 silly audit   '@esbuild/linux-s390x': [ '0.27.7', '0.25.12' ],
13 silly audit   '@esbuild/linux-x64': [ '0.27.7', '0.25.12' ],
13 silly audit   '@esbuild/netbsd-arm64': [ '0.27.7', '0.25.12' ],
13 silly audit   '@esbuild/netbsd-x64': [ '0.27.7', '0.25.12' ],
13 silly audit   '@esbuild/openbsd-arm64': [ '0.27.7', '0.25.12' ],
13 silly audit   '@esbuild/openbsd-x64': [ '0.27.7', '0.25.12' ],
13 silly audit   '@esbuild/openharmony-arm64': [ '0.27.7', '0.25.12' ],
13 silly audit   '@esbuild/sunos-x64': [ '0.27.7', '0.25.12' ],
13 silly audit   '@esbuild/win32-arm64': [ '0.27.7', '0.25.12' ],
13 silly audit   '@esbuild/win32-ia32': [ '0.27.7', '0.25.12' ],
13 silly audit   '@esbuild/win32-x64': [ '0.27.7', '0.25.12' ],
13 silly audit   '@img/sharp-darwin-x64': [ '0.34.5' ],
13 silly audit   '@img/sharp-libvips-darwin-x64': [ '1.2.4' ],
13 silly audit   '@img/sharp-libvips-linux-arm': [ '1.2.4' ],
13 silly audit   '@img/sharp-libvips-linux-arm64': [ '1.2.4' ],
13 silly audit   '@img/sharp-libvips-linux-ppc64': [ '1.2.4' ],
13 silly audit   '@img/sharp-libvips-linux-riscv64': [ '1.2.4' ],
13 silly audit   '@img/sharp-libvips-linux-s390x': [ '1.2.4' ],
13 silly audit   '@img/sharp-libvips-linux-x64': [ '1.2.4' ],
13 silly audit   '@img/sharp-libvips-linuxmusl-arm64': [ '1.2.4' ],
13 silly audit   '@img/sharp-libvips-linuxmusl-x64': [ '1.2.4' ],
13 silly audit   '@img/sharp-linux-arm': [ '0.34.5' ],
13 silly audit   '@img/sharp-linux-arm64': [ '0.34.5' ],
13 silly audit   '@img/sharp-linux-ppc64': [ '0.34.5' ],
13 silly audit   '@img/sharp-linux-riscv64': [ '0.34.5' ],
13 silly audit   '@img/sharp-linux-s390x': [ '0.34.5' ],
13 silly audit   '@img/sharp-linux-x64': [ '0.34.5' ],
13 silly audit   '@img/sharp-linuxmusl-arm64': [ '0.34.5' ],
13 silly audit   '@img/sharp-linuxmusl-x64': [ '0.34.5' ],
13 silly audit   '@img/sharp-wasm32': [ '0.34.5' ],
13 silly audit   '@img/sharp-win32-arm64': [ '0.34.5' ],
13 silly audit   '@img/sharp-win32-ia32': [ '0.34.5' ],
13 silly audit   '@img/sharp-win32-x64': [ '0.34.5' ],
13 silly audit   '@jridgewell/sourcemap-codec': [ '1.5.5' ],
13 silly audit   '@oslojs/encoding': [ '1.1.0' ],
13 silly audit   '@rollup/pluginutils': [ '5.4.0' ],
13 silly audit   '@types/estree': [ '1.0.9', '1.0.8' ],
13 silly audit   'estree-walker': [ '2.0.2', '3.0.3' ],
13 silly audit   '@rollup/rollup-android-arm-eabi': [ '4.60.1' ],
13 silly audit   '@rollup/rollup-android-arm64': [ '4.60.1' ],
13 silly audit   '@rollup/rollup-darwin-x64': [ '4.60.1' ],
13 silly audit   '@rollup/rollup-freebsd-arm64': [ '4.60.1' ],
13 silly audit   '@rollup/rollup-freebsd-x64': [ '4.60.1' ],
13 silly audit   '@rollup/rollup-linux-arm-gnueabihf': [ '4.60.1' ],
13 silly audit   '@rollup/rollup-linux-arm-musleabihf': [ '4.60.1' ],
13 silly audit   '@rollup/rollup-linux-arm64-gnu': [ '4.60.1' ],
13 silly audit   '@rollup/rollup-linux-arm64-musl': [ '4.60.1' ],
13 silly audit   '@rollup/rollup-linux-loong64-gnu': [ '4.60.1' ],
13 silly audit   '@rollup/rollup-linux-loong64-musl': [ '4.60.1' ],
13 silly audit   '@rollup/rollup-linux-ppc64-gnu': [ '4.60.1' ],
13 silly audit   '@rollup/rollup-linux-ppc64-musl': [ '4.60.1' ],
13 silly audit   '@rollup/rollup-linux-riscv64-gnu': [ '4.60.1' ],
13 silly audit   '@rollup/rollup-linux-riscv64-musl': [ '4.60.1' ],
13 silly audit   '@rollup/rollup-linux-s390x-gnu': [ '4.60.1' ],
13 silly audit   '@rollup/rollup-linux-x64-gnu': [ '4.60.1' ],
13 silly audit   '@rollup/rollup-linux-x64-musl': [ '4.60.1' ],
13 silly audit   '@rollup/rollup-openbsd-x64': [ '4.60.1' ],
13 silly audit   '@rollup/rollup-openharmony-arm64': [ '4.60.1' ],
13 silly audit   '@rollup/rollup-win32-arm64-msvc': [ '4.60.1' ],
13 silly audit   '@rollup/rollup-win32-ia32-msvc': [ '4.60.1' ],
13 silly audit   '@rollup/rollup-win32-x64-gnu': [ '4.60.1' ],
13 silly audit   '@rollup/rollup-win32-x64-msvc': [ '4.60.1' ],
13 silly audit   '@types/ms': [ '2.1.0' ],
13 silly audit   '@volar/kit': [ '2.4.28' ],
13 silly audit   '@volar/language-core': [ '2.4.28' ],
13 silly audit   '@volar/language-server': [ '2.4.28' ],
13 silly audit   '@volar/language-service': [ '2.4.28' ],
13 silly audit   '@volar/source-map': [ '2.4.28' ],
13 silly audit   '@volar/typescript': [ '2.4.28' ],
13 silly audit   '@vscode/emmet-helper': [ '2.11.0' ],
13 silly audit   '@vscode/l10n': [ '0.0.18' ],
13 silly audit   acorn: [ '8.17.0' ],
13 silly audit   ajv: [ '8.20.0' ],
13 silly audit   'ajv-draft-04': [ '1.0.0' ],
13 silly audit   'ajv-i18n': [ '4.2.0' ],
13 silly audit   'ansi-align': [ '3.0.1' ],
13 silly audit   'ansi-regex': [ '5.0.1', '6.2.2' ],
13 silly audit   'emoji-regex': [ '8.0.0', '10.6.0' ],
13 silly audit   'string-width': [ '4.2.3', '7.2.0' ],
13 silly audit   'strip-ansi': [ '6.0.1', '7.2.0' ],
13 silly audit   'ansi-styles': [ '6.2.3', '4.3.0' ],
13 silly audit   'aria-query': [ '5.3.2' ],
13 silly audit   astro: [ '5.18.2' ],
13 silly audit   '@esbuild/darwin-arm64': [ '0.25.12', '0.27.7' ],
13 silly audit   vite: [ '6.4.3' ],
13 silly audit   esbuild: [ '0.25.12', '0.27.7' ],
13 silly audit   'axobject-query': [ '4.1.0' ],
13 silly audit   'base-64': [ '1.0.0' ],
13 silly audit   boolbase: [ '1.0.0' ],
13 silly audit   boxen: [ '8.0.1' ],
13 silly audit   camelcase: [ '8.0.0' ],
13 silly audit   chalk: [ '5.6.2' ],
13 silly audit   'character-entities': [ '2.0.2' ],
13 silly audit   chokidar: [ '4.0.3', '5.0.0' ],
13 silly audit   readdirp: [ '4.1.2', '5.0.0' ],
13 silly audit   'ci-info': [ '4.4.0' ],
13 silly audit   'cli-boxes': [ '3.0.0' ],
13 silly audit   cliui: [ '8.0.1' ],
13 silly audit   'wrap-ansi': [ '7.0.0', '9.0.2' ],
13 silly audit   clsx: [ '2.1.1' ],
13 silly audit   'color-convert': [ '2.0.1' ],
13 silly audit   'color-name': [ '1.1.4' ],
13 silly audit   'comma-separated-tokens': [ '2.0.3' ],
13 silly audit   'common-ancestor-path': [ '1.0.1' ],
13 silly audit   cookie: [ '1.1.1' ],
13 silly audit   'cookie-es': [ '1.2.3' ],
13 silly audit   crossws: [ '0.3.5' ],
13 silly audit   cssesc: [ '3.0.0' ],
13 silly audit   debug: [ '4.4.3' ],
13 silly audit   defu: [ '6.1.7' ],
13 silly audit   dequal: [ '2.0.3' ],
13 silly audit   'deterministic-object-hash': [ '2.0.2' ],
13 silly audit   devalue: [ '5.8.1' ],
13 silly audit   diff: [ '8.0.4' ],
13 silly audit   dlv: [ '1.1.3' ],
13 silly audit   'dom-serializer': [ '2.0.0' ],
13 silly audit   entities: [ '4.5.0', '6.0.1' ],
13 silly audit   domelementtype: [ '2.3.0' ],
13 silly audit   domhandler: [ '5.0.3' ],
13 silly audit   domutils: [ '3.2.2' ],
13 silly audit   dset: [ '3.1.4' ],
13 silly audit   emmet: [ '2.4.11' ],
13 silly audit   'es-module-lexer': [ '1.7.0' ],
13 silly audit   escalade: [ '3.2.0' ],
13 silly audit   'fast-deep-equal': [ '3.1.3' ],
13 silly audit   'fast-uri': [ '3.1.3' ],
13 silly audit   fdir: [ '6.5.0' ],
13 silly audit   flattie: [ '1.1.1' ],
13 silly audit   fontace: [ '0.4.1' ],
13 silly audit   fsevents: [ '2.3.3' ],
13 silly audit   'get-caller-file': [ '2.0.5' ],
13 silly audit   'get-east-asian-width': [ '1.6.0' ],
13 silly audit   'github-slugger': [ '2.0.0' ],
13 silly audit   'hast-util-from-parse5': [ '8.0.3' ],
13 silly audit   'hast-util-parse-selector': [ '4.0.0' ],
13 silly audit   'hast-util-to-parse5': [ '8.0.1' ],
13 silly audit   'hast-util-whitespace': [ '3.0.0' ],
13 silly audit   hastscript: [ '9.0.1' ],
13 silly audit   'html-escaper': [ '3.0.3' ],
13 silly audit   'html-void-elements': [ '3.0.0' ],
13 silly audit   'http-cache-semantics': [ '4.2.0' ],
13 silly audit   'import-meta-resolve': [ '4.2.0' ],
13 silly audit   'iron-webcrypto': [ '1.2.1' ],
13 silly audit   'is-fullwidth-code-point': [ '3.0.0' ],
13 silly audit   'js-yaml': [ '4.3.0' ],
13 silly audit   argparse: [ '2.0.1' ],
13 silly audit   'json-schema-traverse': [ '1.0.0' ],
13 silly audit   'jsonc-parser': [ '2.3.1', '3.3.1' ],
13 silly audit   'magic-string': [ '0.30.21' ],
13 silly audit   magicast: [ '0.5.2' ],
13 silly audit   '@babel/parser': [ '7.29.7' ],
13 silly audit   '@babel/types': [ '7.29.7' ],
13 silly audit   'markdown-table': [ '3.0.4' ],
13 silly audit   'mdast-util-definitions': [ '6.0.0' ],
13 silly audit   '@types/mdast': [ '4.0.4' ],
13 silly audit   'mdast-util-find-and-replace': [ '3.0.2' ],
13 silly audit   'escape-string-regexp': [ '5.0.0' ],
13 silly audit   'mdast-util-from-markdown': [ '2.0.3' ],
13 silly audit   'decode-named-character-reference': [ '1.3.0' ],
13 silly audit   'mdast-util-gfm': [ '3.1.0' ],
13 silly audit   'mdast-util-gfm-autolink-literal': [ '2.0.1' ],
13 silly audit   ccount: [ '2.0.1' ],
13 silly audit   'mdast-util-gfm-footnote': [ '2.1.0' ],
13 silly audit   'mdast-util-gfm-strikethrough': [ '2.0.0' ],
13 silly audit   'mdast-util-gfm-table': [ '2.0.0' ],
13 silly audit   'mdast-util-gfm-task-list-item': [ '2.0.0' ],
13 silly audit   'mdast-util-phrasing': [ '4.1.0' ],
13 silly audit   'mdast-util-to-hast': [ '13.2.1' ],
13 silly audit   '@ungap/structured-clone': [ '1.3.2' ],
13 silly audit   'mdast-util-to-markdown': [ '2.1.2' ],
13 silly audit   'longest-streak': [ '3.1.0' ],
13 silly audit   'mdast-util-to-string': [ '4.0.0' ],
13 silly audit   'mdn-data': [ '2.27.1', '2.0.28' ],
13 silly audit   micromark: [ '4.0.2' ],
13 silly audit   'micromark-core-commonmark': [ '2.0.3' ],
13 silly audit   'micromark-extension-gfm': [ '3.0.0' ],
13 silly audit   'micromark-extension-gfm-autolink-literal': [ '2.1.0' ],
13 silly audit   'micromark-extension-gfm-footnote': [ '2.1.0' ],
13 silly audit   'micromark-extension-gfm-strikethrough': [ '2.1.0' ],
13 silly audit   'micromark-extension-gfm-table': [ '2.1.1' ],
13 silly audit   'micromark-extension-gfm-tagfilter': [ '2.0.0' ],
13 silly audit   'micromark-extension-gfm-task-list-item': [ '2.1.0' ],
13 silly audit   'micromark-factory-destination': [ '2.0.1' ],
13 silly audit   'micromark-factory-label': [ '2.0.1' ],
13 silly audit   'micromark-factory-space': [ '2.0.1' ],
13 silly audit   'micromark-factory-title': [ '2.0.1' ],
13 silly audit   'micromark-factory-whitespace': [ '2.0.1' ],
13 silly audit   'micromark-util-character': [ '2.1.1' ],
13 silly audit   'micromark-util-chunked': [ '2.0.1' ],
13 silly audit   'micromark-util-classify-character': [ '2.0.1' ],
13 silly audit   'micromark-util-combine-extensions': [ '2.0.1' ],
13 silly audit   'micromark-util-decode-numeric-character-reference': [ '2.0.2' ],
13 silly audit   'micromark-util-decode-string': [ '2.0.1' ],
13 silly audit   'micromark-util-encode': [ '2.0.1' ],
13 silly audit   'micromark-util-html-tag-name': [ '2.0.1' ],
13 silly audit   'micromark-util-normalize-identifier': [ '2.0.1' ],
13 silly audit   'micromark-util-resolve-all': [ '2.0.1' ],
13 silly audit   'micromark-util-sanitize-uri': [ '2.0.1' ],
13 silly audit   'micromark-util-subtokenize': [ '2.1.0' ],
13 silly audit   'micromark-util-symbol': [ '2.0.1' ],
13 silly audit   'micromark-util-types': [ '2.0.2' ],
13 silly audit   '@types/debug': [ '4.1.13' ],
13 silly audit   mrmime: [ '2.0.1' ],
13 silly audit   ms: [ '2.1.3' ],
13 silly audit   'muggle-string': [ '0.4.1' ],
13 silly audit   nanoid: [ '3.3.11' ],
13 silly audit   neotraverse: [ '0.6.18' ],
13 silly audit   'nlcst-to-string': [ '4.0.0' ],
13 silly audit   '@types/nlcst': [ '2.0.3' ],
13 silly audit   'node-fetch-native': [ '1.6.7' ],
13 silly audit   'node-mock-http': [ '1.0.4' ],
13 silly audit   'normalize-path': [ '3.0.0' ],
13 silly audit   'nth-check': [ '2.1.1' ],
13 silly audit   ofetch: [ '1.5.1' ],
13 silly audit   destr: [ '2.0.5' ],
13 silly audit   ohash: [ '2.0.11' ],
13 silly audit   'oniguruma-parser': [ '0.12.1' ],
13 silly audit   'oniguruma-to-es': [ '4.3.5' ],
13 silly audit   'p-limit': [ '6.2.0' ],
13 silly audit   'p-queue': [ '8.1.1' ],
13 silly audit   eventemitter3: [ '5.0.4' ],
13 silly audit   'p-timeout': [ '6.1.4' ],
13 silly audit   'package-manager-detector': [ '1.6.0' ],
13 silly audit   'parse-latin': [ '7.0.0' ],
13 silly audit   parse5: [ '7.3.0' ],
13 silly audit   'path-browserify': [ '1.0.1' ],
13 silly audit   piccolore: [ '0.1.3' ],
13 silly audit   picocolors: [ '1.1.1' ],
13 silly audit   picomatch: [ '4.0.4', '2.3.2' ],
13 silly audit   postcss: [ '8.5.10' ],
13 silly audit   prettier: [ '3.9.4' ],
13 silly audit   prismjs: [ '1.30.0' ],
13 silly audit   prompts: [ '2.4.2' ],
13 silly audit   'property-information': [ '7.1.0' ],
13 silly audit   radix3: [ '1.1.2' ],
13 silly audit   regex: [ '6.1.0' ],
13 silly audit   'regex-recursion': [ '6.0.2' ],
13 silly audit   'regex-utilities': [ '2.3.0' ],
13 silly audit   rehype: [ '13.0.2' ],
13 silly audit   'rehype-parse': [ '9.0.1' ],
13 silly audit   'rehype-raw': [ '7.0.0' ],
13 silly audit   'hast-util-raw': [ '9.1.0' ],
13 silly audit   'rehype-stringify': [ '10.0.1' ],
13 silly audit   'hast-util-to-html': [ '9.0.5' ],
13 silly audit   'remark-gfm': [ '4.0.1' ],
13 silly audit   'remark-parse': [ '11.0.0' ],
13 silly audit   'remark-rehype': [ '11.1.2' ],
13 silly audit   'remark-smartypants': [ '3.0.2' ],
13 silly audit   'remark-stringify': [ '11.0.0' ],
13 silly audit   'request-light': [ '0.7.0', '0.5.8' ],
13 silly audit   'require-directory': [ '2.1.1' ],
13 silly audit   'require-from-string': [ '2.0.2' ],
13 silly audit   retext: [ '9.0.0' ],
13 silly audit   'retext-latin': [ '4.0.0' ],
13 silly audit   'retext-smartypants': [ '6.2.0' ],
13 silly audit   'retext-stringify': [ '4.0.0' ],
13 silly audit   rollup: [ '4.60.1' ],
13 silly audit   '@rollup/rollup-darwin-arm64': [ '4.60.1' ],
13 silly audit   sax: [ '1.6.0' ],
13 silly audit   semver: [ '7.7.4' ],
13 silly audit   sharp: [ '0.34.5' ],
13 silly audit   '@img/colour': [ '1.1.0' ],
13 silly audit   '@img/sharp-darwin-arm64': [ '0.34.5' ],
13 silly audit   '@img/sharp-libvips-darwin-arm64': [ '1.2.4' ],
13 silly audit   'detect-libc': [ '2.1.2' ],
13 silly audit   shiki: [ '3.23.0' ],
13 silly audit   '@shikijs/core': [ '3.23.0' ],
13 silly audit   '@shikijs/engine-javascript': [ '3.23.0' ],
13 silly audit   '@shikijs/engine-oniguruma': [ '3.23.0' ],
13 silly audit   '@shikijs/langs': [ '3.23.0' ],
13 silly audit   '@shikijs/themes': [ '3.23.0' ],
13 silly audit   '@shikijs/types': [ '3.23.0' ],
13 silly audit   '@shikijs/vscode-textmate': [ '10.0.2' ],
13 silly audit   sisteransi: [ '1.0.5' ],
13 silly audit   'smol-toml': [ '1.6.1' ],
13 silly audit   'source-map-js': [ '1.2.1' ],
13 silly audit   'space-separated-tokens': [ '2.0.2' ],
13 silly audit   'stringify-entities': [ '4.0.4' ],
13 silly audit   'character-entities-html4': [ '2.1.0' ],
13 silly audit   'character-entities-legacy': [ '3.0.0' ],
13 silly audit   svgo: [ '4.0.1' ],
13 silly audit   commander: [ '11.1.0' ],
13 silly audit   'css-select': [ '5.2.2' ],
13 silly audit   'css-tree': [ '3.2.1', '2.2.1' ],
13 silly audit   'css-what': [ '6.2.2' ],
13 silly audit   csso: [ '5.0.5' ],
13 silly audit   'tiny-inflate': [ '1.0.3' ],
13 silly audit   tinyexec: [ '1.1.1' ],
13 silly audit   tinyglobby: [ '0.2.16' ],
13 silly audit   'trim-lines': [ '3.0.1' ],
13 silly audit   trough: [ '2.2.0' ],
13 silly audit   tsconfck: [ '3.1.6' ],
13 silly audit   tslib: [ '2.8.1' ],
13 silly audit   'type-fest': [ '4.41.0' ],
13 silly audit   'typesafe-path': [ '0.2.2' ],
13 silly audit   typescript: [ '5.9.3' ],
13 silly audit   'typescript-auto-import-cache': [ '0.3.6' ],
13 silly audit   ufo: [ '1.6.3' ],
13 silly audit   ultrahtml: [ '1.6.0' ],
13 silly audit   uncrypto: [ '0.1.3' ],
13 silly audit   unified: [ '11.0.5' ],
13 silly audit   bail: [ '2.0.2' ],
13 silly audit   extend: [ '3.0.2' ],
13 silly audit   'is-plain-obj': [ '4.1.0' ],
13 silly audit   unifont: [ '0.7.4' ],
13 silly audit   'unist-util-find-after': [ '5.0.0' ],
13 silly audit   'unist-util-is': [ '6.0.1' ],
13 silly audit   'unist-util-modify-children': [ '4.0.0' ],
13 silly audit   'array-iterate': [ '2.0.1' ],
13 silly audit   'unist-util-position': [ '5.0.0' ],
13 silly audit   'unist-util-remove-position': [ '5.0.0' ],
13 silly audit   'unist-util-stringify-position': [ '4.0.0' ],
13 silly audit   'unist-util-visit': [ '5.1.0' ],
13 silly audit   'unist-util-visit-children': [ '3.0.0' ],
13 silly audit   'unist-util-visit-parents': [ '6.0.2' ],
13 silly audit   unstorage: [ '1.17.5' ],
13 silly audit   anymatch: [ '3.1.3' ],
13 silly audit   h3: [ '1.15.11' ],
13 silly audit   'lru-cache': [ '11.5.1' ],
13 silly audit   vfile: [ '6.0.3' ],
13 silly audit   'vfile-location': [ '5.0.3' ],
13 silly audit   'vfile-message': [ '4.0.3' ],
13 silly audit   vitefu: [ '1.1.3' ],
13 silly audit   'volar-service-css': [ '0.0.71' ],
13 silly audit   'volar-service-emmet': [ '0.0.71' ],
13 silly audit   'volar-service-html': [ '0.0.71' ],
13 silly audit   'volar-service-prettier': [ '0.0.71' ],
13 silly audit   'volar-service-typescript': [ '0.0.71' ],
13 silly audit   'volar-service-typescript-twoslash-queries': [ '0.0.71' ],
13 silly audit   'volar-service-yaml': [ '0.0.71' ],
13 silly audit   'vscode-css-languageservice': [ '6.3.10' ],
13 silly audit   'vscode-languageserver-types': [ '3.17.5', '3.18.0' ],
13 silly audit   'vscode-html-languageservice': [ '5.6.2' ],
13 silly audit   'vscode-json-languageservice': [ '4.1.8' ],
13 silly audit   'vscode-jsonrpc': [ '9.0.1', '8.2.0' ],
13 silly audit   'vscode-languageserver': [ '9.0.1' ],
13 silly audit   'vscode-languageserver-protocol': [ '3.18.2', '3.17.5' ],
13 silly audit   'vscode-languageserver-textdocument': [ '1.0.12' ],
13 silly audit   'vscode-nls': [ '5.2.0' ],
13 silly audit   'vscode-uri': [ '3.1.0' ],
13 silly audit   'web-namespaces': [ '2.0.1' ],
13 silly audit   'which-pm-runs': [ '1.1.0' ],
13 silly audit   'widest-line': [ '5.0.0' ],
13 silly audit   'xxhash-wasm': [ '1.1.0' ],
13 silly audit   y18n: [ '5.0.8' ],
13 silly audit   yaml: [ '2.9.0', '2.8.3' ],
13 silly audit   'yaml-language-server': [ '1.23.0' ],
13 silly audit   yargs: [ '17.7.3' ],
13 silly audit   'yargs-parser': [ '21.1.1' ],
13 silly audit   'yocto-queue': [ '1.2.2' ],
13 silly audit   'yocto-spinner': [ '0.2.3' ],
13 silly audit   yoctocolors: [ '2.1.2' ],
13 silly audit   zod: [ '3.25.76' ],
13 silly audit   'zod-to-json-schema': [ '3.25.2' ],
13 silly audit   'zod-to-ts': [ '1.2.0' ],
13 silly audit   zwitch: [ '2.0.4' ]
13 silly audit }
14 http fetch POST 200 https://registry.npmjs.org/-/npm/v1/security/advisories/bulk 327ms
15 silly audit report {
15 silly audit report   astro: [
15 silly audit report     {
15 silly audit report       id: 1118920,
15 silly audit report       url: 'https://github.com/advisories/GHSA-xr5h-phrj-8vxv',
15 silly audit report       title: 'Astro: Server island encrypted parameters vulnerable to cross-component replay',
15 silly audit report       severity: 'low',
15 silly audit report       vulnerable_versions: '<6.1.10',
15 silly audit report       cwe: [Array],
15 silly audit report       cvss: [Object]
15 silly audit report     },
15 silly audit report     {
15 silly audit report       id: 1120914,
15 silly audit report       url: 'https://github.com/advisories/GHSA-jrpj-wcv7-9fh9',
15 silly audit report       title: 'Astro: XSS via Unescaped Attribute Names in Spread Props',
15 silly audit report       severity: 'moderate',
15 silly audit report       vulnerable_versions: '<6.4.6',
15 silly audit report       cwe: [Array],
15 silly audit report       cvss: [Object]
15 silly audit report     },
15 silly audit report     {
15 silly audit report       id: 1120917,
15 silly audit report       url: 'https://github.com/advisories/GHSA-2pvr-wf23-7pc7',
15 silly audit report       title: 'Astro: Host header SSRF in prerendered error page fetch',
15 silly audit report       severity: 'high',
15 silly audit report       vulnerable_versions: '<6.4.6',
15 silly audit report       cwe: [Array],
15 silly audit report       cvss: [Object]
15 silly audit report     },
15 silly audit report     {
15 silly audit report       id: 1120912,
15 silly audit report       url: 'https://github.com/advisories/GHSA-8hv8-536x-4wqp',
15 silly audit report       title: 'Astro: Reflected XSS via unescaped slot name',
15 silly audit report       severity: 'high',
15 silly audit report       vulnerable_versions: '<6.3.3',
15 silly audit report       cwe: [Array],
15 silly audit report       cvss: [Object]
15 silly audit report     },
15 silly audit report     {
15 silly audit report       id: 1117141,
15 silly audit report       url: 'https://github.com/advisories/GHSA-j687-52p2-xcff',
15 silly audit report       title: 'Astro: XSS in define:vars via incomplete </script> tag sanitization',
15 silly audit report       severity: 'moderate',
15 silly audit report       vulnerable_versions: '<6.1.6',
15 silly audit report       cwe: [Array],
15 silly audit report       cvss: [Object]
15 silly audit report     }
15 silly audit report   ],
15 silly audit report   esbuild: [
15 silly audit report     {
15 silly audit report       id: 1120680,
15 silly audit report       url: 'https://github.com/advisories/GHSA-g7r4-m6w7-qqqr',
15 silly audit report       title: 'esbuild allows arbitrary file read when running the development server on Windows',
15 silly audit report       severity: 'low',
15 silly audit report       vulnerable_versions: '>=0.27.3 <0.28.1',
15 silly audit report       cwe: [Array],
15 silly audit report       cvss: [Object]
15 silly audit report     }
15 silly audit report   ]
15 silly audit report }
16 silly packumentCache corgi:https://registry.npmjs.org/astro cache-miss
17 silly packumentCache corgi:https://registry.npmjs.org/esbuild cache-miss
18 http cache https://registry.npmjs.org/esbuild 14ms (cache hit)
19 silly packumentCache corgi:https://registry.npmjs.org/esbuild set size:887361 disposed:false
20 http cache https://registry.npmjs.org/astro 25ms (cache hit)
21 silly packumentCache corgi:https://registry.npmjs.org/astro set size:4458652 disposed:false
22 verbose cwd /Users/ramyadhamodharan/Sam-hub/saman2ny
23 verbose os Darwin 25.5.0
24 verbose node v24.10.0
25 verbose npm  v11.6.2
26 verbose exit 1
27 verbose code 1
