0 verbose cli /usr/local/bin/node /usr/local/bin/npm
1 info using npm@11.6.2
2 info using node@v24.10.0
3 silly config load:file:/usr/local/lib/node_modules/npm/npmrc
4 silly config load:file:/Users/ramyadhamodharan/Sam-hub/saman2ny/.npmrc
5 silly config load:file:/Users/ramyadhamodharan/.npmrc
6 silly config load:file:/usr/local/etc/npmrc
7 verbose title npm install @astrojs/check typescript
8 verbose argv "install" "--save-dev" "@astrojs/check" "typescript" "--cache" ".npm-cache"
9 verbose logfile logs-max:10 dir:/Users/ramyadhamodharan/Sam-hub/saman2ny/.npm-cache/_logs/2026-07-06T14_28_21_893Z-
10 verbose logfile /Users/ramyadhamodharan/Sam-hub/saman2ny/.npm-cache/_logs/2026-07-06T14_28_21_893Z-debug-0.log
11 silly logfile done cleaning log files
12 silly packumentCache heap:4496293888 maxSize:1124073472 maxEntrySize:562036736
13 silly idealTree buildDeps
14 silly fetch manifest @astrojs/check@*
15 silly packumentCache full:https://registry.npmjs.org/@astrojs%2fcheck cache-miss
16 http fetch GET 200 https://registry.npmjs.org/@astrojs%2fcheck 321ms (cache miss)
17 silly packumentCache full:https://registry.npmjs.org/@astrojs%2fcheck set size:undefined disposed:false
18 silly fetch manifest typescript@*
19 silly packumentCache full:https://registry.npmjs.org/typescript cache-miss
20 http cache https://registry.npmjs.org/typescript 26ms (cache hit)
21 silly packumentCache full:https://registry.npmjs.org/typescript set size:15410956 disposed:false
22 silly placeDep ROOT @astrojs/check@0.9.9 OK for: saman2ny@1.0.0 want: *
23 silly placeDep ROOT typescript@6.0.3 REPLACE for: saman2ny@1.0.0 want: *
24 silly fetch manifest @astrojs/language-server@^2.16.7
25 silly packumentCache full:https://registry.npmjs.org/@astrojs%2flanguage-server cache-miss
26 silly fetch manifest chokidar@^4.0.3
27 silly packumentCache full:https://registry.npmjs.org/chokidar cache-miss
28 silly fetch manifest kleur@^4.1.5
29 silly packumentCache full:https://registry.npmjs.org/kleur cache-miss
30 silly fetch manifest yargs@^17.7.2
31 silly packumentCache full:https://registry.npmjs.org/yargs cache-miss
32 http cache https://registry.npmjs.org/chokidar 11ms (cache hit)
33 silly packumentCache full:https://registry.npmjs.org/chokidar set size:255902 disposed:false
34 http cache https://registry.npmjs.org/kleur 8ms (cache hit)
35 silly packumentCache full:https://registry.npmjs.org/kleur set size:61853 disposed:false
36 http fetch GET 200 https://registry.npmjs.org/yargs 112ms (cache miss)
37 silly packumentCache full:https://registry.npmjs.org/yargs set size:undefined disposed:false
38 http fetch GET 200 https://registry.npmjs.org/@astrojs%2flanguage-server 641ms (cache miss)
39 silly packumentCache full:https://registry.npmjs.org/@astrojs%2flanguage-server set size:undefined disposed:false
40 silly fetch manifest prettier@^3.0.0
41 silly packumentCache full:https://registry.npmjs.org/prettier cache-miss
42 http fetch GET 200 https://registry.npmjs.org/prettier 43ms (cache miss)
43 silly packumentCache full:https://registry.npmjs.org/prettier set size:undefined disposed:false
44 silly fetch manifest prettier-plugin-astro@>=0.11.0
45 silly packumentCache full:https://registry.npmjs.org/prettier-plugin-astro cache-miss
46 http fetch GET 200 https://registry.npmjs.org/prettier-plugin-astro 240ms (cache miss)
47 silly packumentCache full:https://registry.npmjs.org/prettier-plugin-astro set size:undefined disposed:false
48 silly placeDep ROOT @astrojs/language-server@2.16.11 OK for: @astrojs/check@0.9.9 want: ^2.16.7
49 silly placeDep ROOT chokidar@4.0.3 OK for: @astrojs/check@0.9.9 want: ^4.0.3
50 silly placeDep node_modules/@astrojs/check kleur@4.1.5 OK for: @astrojs/check@0.9.9 want: ^4.1.5
51 silly placeDep ROOT yargs@17.7.3 OK for: @astrojs/check@0.9.9 want: ^17.7.2
52 silly fetch manifest @astrojs/yaml2ts@^0.2.4
53 silly packumentCache full:https://registry.npmjs.org/@astrojs%2fyaml2ts cache-miss
54 silly fetch manifest @jridgewell/sourcemap-codec@^1.5.5
55 silly packumentCache full:https://registry.npmjs.org/@jridgewell%2fsourcemap-codec cache-miss
56 silly fetch manifest @volar/kit@~2.4.28
57 silly packumentCache full:https://registry.npmjs.org/@volar%2fkit cache-miss
58 silly fetch manifest @volar/language-core@~2.4.28
59 silly packumentCache full:https://registry.npmjs.org/@volar%2flanguage-core cache-miss
60 silly fetch manifest @volar/language-server@~2.4.28
61 silly packumentCache full:https://registry.npmjs.org/@volar%2flanguage-server cache-miss
62 silly fetch manifest @volar/language-service@~2.4.28
63 silly packumentCache full:https://registry.npmjs.org/@volar%2flanguage-service cache-miss
64 silly fetch manifest muggle-string@^0.4.1
65 silly packumentCache full:https://registry.npmjs.org/muggle-string cache-miss
66 silly fetch manifest volar-service-css@0.0.71
67 silly packumentCache full:https://registry.npmjs.org/volar-service-css cache-miss
68 silly fetch manifest volar-service-emmet@0.0.71
69 silly packumentCache full:https://registry.npmjs.org/volar-service-emmet cache-miss
70 http cache https://registry.npmjs.org/@jridgewell%2fsourcemap-codec 13ms (cache hit)
71 silly packumentCache full:https://registry.npmjs.org/@jridgewell%2fsourcemap-codec set size:51856 disposed:false
72 silly fetch manifest volar-service-html@0.0.71
73 silly packumentCache full:https://registry.npmjs.org/volar-service-html cache-miss
74 http fetch GET 200 https://registry.npmjs.org/volar-service-emmet 275ms (cache miss)
75 silly packumentCache full:https://registry.npmjs.org/volar-service-emmet set size:undefined disposed:false
76 silly fetch manifest volar-service-prettier@0.0.71
77 silly packumentCache full:https://registry.npmjs.org/volar-service-prettier cache-miss
78 http fetch GET 200 https://registry.npmjs.org/volar-service-css 280ms (cache miss)
79 silly packumentCache full:https://registry.npmjs.org/volar-service-css set size:undefined disposed:false
80 silly fetch manifest volar-service-typescript@0.0.71
81 silly packumentCache full:https://registry.npmjs.org/volar-service-typescript cache-miss
82 http fetch GET 200 https://registry.npmjs.org/muggle-string 283ms (cache miss)
83 silly packumentCache full:https://registry.npmjs.org/muggle-string set size:undefined disposed:false
84 silly fetch manifest volar-service-typescript-twoslash-queries@0.0.71
85 silly packumentCache full:https://registry.npmjs.org/volar-service-typescript-twoslash-queries cache-miss
86 http fetch GET 200 https://registry.npmjs.org/volar-service-html 291ms (cache miss)
87 silly packumentCache full:https://registry.npmjs.org/volar-service-html set size:undefined disposed:false
88 silly fetch manifest volar-service-yaml@0.0.71
89 silly packumentCache full:https://registry.npmjs.org/volar-service-yaml cache-miss
90 http fetch GET 200 https://registry.npmjs.org/volar-service-typescript 232ms (cache miss)
91 silly packumentCache full:https://registry.npmjs.org/volar-service-typescript set size:undefined disposed:false
92 silly fetch manifest vscode-html-languageservice@^5.6.2
93 silly packumentCache full:https://registry.npmjs.org/vscode-html-languageservice cache-miss
94 http fetch GET 200 https://registry.npmjs.org/volar-service-prettier 242ms (cache miss)
95 silly packumentCache full:https://registry.npmjs.org/volar-service-prettier set size:undefined disposed:false
96 silly fetch manifest vscode-uri@^3.1.0
97 silly packumentCache full:https://registry.npmjs.org/vscode-uri cache-miss
98 http fetch GET 200 https://registry.npmjs.org/volar-service-typescript-twoslash-queries 237ms (cache miss)
99 silly packumentCache full:https://registry.npmjs.org/volar-service-typescript-twoslash-queries set size:undefined disposed:false
100 silly fetch manifest readdirp@^4.0.1
101 silly packumentCache full:https://registry.npmjs.org/readdirp cache-miss
102 http cache https://registry.npmjs.org/readdirp 2ms (cache hit)
103 silly packumentCache full:https://registry.npmjs.org/readdirp set size:107589 disposed:false
104 silly fetch manifest cliui@^8.0.1
105 silly packumentCache full:https://registry.npmjs.org/cliui cache-miss
106 http fetch GET 200 https://registry.npmjs.org/volar-service-yaml 237ms (cache miss)
107 silly packumentCache full:https://registry.npmjs.org/volar-service-yaml set size:undefined disposed:false
108 silly fetch manifest escalade@^3.1.1
109 silly packumentCache full:https://registry.npmjs.org/escalade cache-miss
110 http fetch GET 200 https://registry.npmjs.org/@volar%2flanguage-core 549ms (cache miss)
111 silly packumentCache full:https://registry.npmjs.org/@volar%2flanguage-core set size:undefined disposed:false
112 silly fetch manifest get-caller-file@^2.0.5
113 silly packumentCache full:https://registry.npmjs.org/get-caller-file cache-miss
114 http fetch GET 200 https://registry.npmjs.org/vscode-uri 31ms (cache miss)
115 silly packumentCache full:https://registry.npmjs.org/vscode-uri set size:undefined disposed:false
116 silly fetch manifest require-directory@^2.1.1
117 silly packumentCache full:https://registry.npmjs.org/require-directory cache-miss
118 http fetch GET 200 https://registry.npmjs.org/cliui 34ms (cache miss)
119 silly packumentCache full:https://registry.npmjs.org/cliui set size:undefined disposed:false
120 silly fetch manifest string-width@^4.2.3
121 silly packumentCache full:https://registry.npmjs.org/string-width cache-miss
122 http cache https://registry.npmjs.org/string-width 2ms (cache hit)
123 silly packumentCache full:https://registry.npmjs.org/string-width set size:70381 disposed:false
124 silly fetch manifest y18n@^5.0.5
125 silly packumentCache full:https://registry.npmjs.org/y18n cache-miss
126 http fetch GET 200 https://registry.npmjs.org/get-caller-file 29ms (cache miss)
127 silly packumentCache full:https://registry.npmjs.org/get-caller-file set size:undefined disposed:false
128 http fetch GET 200 https://registry.npmjs.org/escalade 38ms (cache miss)
129 silly packumentCache full:https://registry.npmjs.org/escalade set size:undefined disposed:false
130 http fetch GET 200 https://registry.npmjs.org/require-directory 31ms (cache miss)
131 silly packumentCache full:https://registry.npmjs.org/require-directory set size:undefined disposed:false
132 http fetch GET 200 https://registry.npmjs.org/y18n 24ms (cache miss)
133 silly packumentCache full:https://registry.npmjs.org/y18n set size:undefined disposed:false
134 http fetch GET 200 https://registry.npmjs.org/@volar%2fkit 617ms (cache miss)
135 silly packumentCache full:https://registry.npmjs.org/@volar%2fkit set size:undefined disposed:false
136 http fetch GET 200 https://registry.npmjs.org/@astrojs%2fyaml2ts 636ms (cache miss)
137 silly packumentCache full:https://registry.npmjs.org/@astrojs%2fyaml2ts set size:undefined disposed:false
138 http fetch GET 200 https://registry.npmjs.org/@volar%2flanguage-service 719ms (cache miss)
139 silly packumentCache full:https://registry.npmjs.org/@volar%2flanguage-service set size:undefined disposed:false
140 http fetch GET 200 https://registry.npmjs.org/@volar%2flanguage-server 740ms (cache miss)
141 silly packumentCache full:https://registry.npmjs.org/@volar%2flanguage-server set size:undefined disposed:false
142 http fetch GET 200 https://registry.npmjs.org/vscode-html-languageservice 281ms (cache miss)
143 silly packumentCache full:https://registry.npmjs.org/vscode-html-languageservice set size:undefined disposed:false
144 silly placeDep ROOT @astrojs/yaml2ts@0.2.4 OK for: @astrojs/language-server@2.16.11 want: ^0.2.4
145 silly placeDep ROOT @jridgewell/sourcemap-codec@1.5.5 OK for: @astrojs/language-server@2.16.11 want: ^1.5.5
146 silly placeDep ROOT @volar/kit@2.4.28 OK for: @astrojs/language-server@2.16.11 want: ~2.4.28
147 silly placeDep ROOT @volar/language-core@2.4.28 OK for: @astrojs/language-server@2.16.11 want: ~2.4.28
148 silly placeDep ROOT @volar/language-server@2.4.28 OK for: @astrojs/language-server@2.16.11 want: ~2.4.28
149 silly placeDep ROOT @volar/language-service@2.4.28 OK for: @astrojs/language-server@2.16.11 want: ~2.4.28
150 silly placeDep ROOT muggle-string@0.4.1 OK for: @astrojs/language-server@2.16.11 want: ^0.4.1
151 silly placeDep ROOT volar-service-css@0.0.71 OK for: @astrojs/language-server@2.16.11 want: 0.0.71
152 silly placeDep ROOT volar-service-emmet@0.0.71 OK for: @astrojs/language-server@2.16.11 want: 0.0.71
153 silly placeDep ROOT volar-service-html@0.0.71 OK for: @astrojs/language-server@2.16.11 want: 0.0.71
154 silly placeDep ROOT volar-service-prettier@0.0.71 OK for: @astrojs/language-server@2.16.11 want: 0.0.71
155 silly placeDep ROOT volar-service-typescript@0.0.71 OK for: @astrojs/language-server@2.16.11 want: 0.0.71
156 silly placeDep ROOT volar-service-typescript-twoslash-queries@0.0.71 OK for: @astrojs/language-server@2.16.11 want: 0.0.71
157 silly placeDep ROOT volar-service-yaml@0.0.71 OK for: @astrojs/language-server@2.16.11 want: 0.0.71
158 silly placeDep ROOT vscode-html-languageservice@5.6.2 OK for: @astrojs/language-server@2.16.11 want: ^5.6.2
159 silly placeDep ROOT vscode-uri@3.1.0 OK for: @astrojs/language-server@2.16.11 want: ^3.1.0
160 silly fetch manifest yaml@^2.8.3
161 silly packumentCache full:https://registry.npmjs.org/yaml cache-miss
162 silly fetch manifest @volar/language-service@2.4.28
163 silly packumentCache full:https://registry.npmjs.org/@volar%2flanguage-service cache-miss
164 silly fetch manifest @volar/typescript@2.4.28
165 silly packumentCache full:https://registry.npmjs.org/@volar%2ftypescript cache-miss
166 silly fetch manifest typesafe-path@^0.2.2
167 silly packumentCache full:https://registry.npmjs.org/typesafe-path cache-miss
168 silly fetch manifest vscode-languageserver-textdocument@^1.0.11
169 silly packumentCache full:https://registry.npmjs.org/vscode-languageserver-textdocument cache-miss
170 silly fetch manifest vscode-uri@^3.0.8
171 silly packumentCache full:https://registry.npmjs.org/vscode-uri cache-miss
172 silly fetch manifest @volar/source-map@2.4.28
173 silly packumentCache full:https://registry.npmjs.org/@volar%2fsource-map cache-miss
174 silly fetch manifest @volar/language-service@2.4.28
175 silly packumentCache full:https://registry.npmjs.org/@volar%2flanguage-service cache-miss
176 silly fetch manifest @volar/typescript@2.4.28
177 silly packumentCache full:https://registry.npmjs.org/@volar%2ftypescript cache-miss
178 http cache https://registry.npmjs.org/@volar%2flanguage-service 6ms (cache hit)
179 silly packumentCache full:https://registry.npmjs.org/@volar%2flanguage-service set size:493688 disposed:false
180 silly fetch manifest path-browserify@^1.0.1
181 silly packumentCache full:https://registry.npmjs.org/path-browserify cache-miss
182 http cache https://registry.npmjs.org/vscode-uri 8ms (cache hit)
183 silly packumentCache full:https://registry.npmjs.org/vscode-uri set size:75646 disposed:false
184 silly fetch manifest request-light@^0.7.0
185 silly packumentCache full:https://registry.npmjs.org/request-light cache-miss
186 http cache https://registry.npmjs.org/yaml 9ms (cache hit)
187 silly packumentCache full:https://registry.npmjs.org/yaml set size:385754 disposed:false
188 silly fetch manifest vscode-languageserver@^9.0.1
189 silly packumentCache full:https://registry.npmjs.org/vscode-languageserver cache-miss
190 http cache https://registry.npmjs.org/@volar%2flanguage-service 12ms (cache hit)
191 silly packumentCache full:https://registry.npmjs.org/@volar%2flanguage-service set size:493688 disposed:false
192 silly packumentCache full:https://registry.npmjs.org/@volar%2flanguage-service dispose
193 silly fetch manifest vscode-languageserver-protocol@^3.17.5
194 silly packumentCache full:https://registry.npmjs.org/vscode-languageserver-protocol cache-miss
195 http fetch GET 200 https://registry.npmjs.org/vscode-languageserver-textdocument 30ms (cache miss)
196 silly packumentCache full:https://registry.npmjs.org/vscode-languageserver-textdocument set size:undefined disposed:false
197 silly fetch manifest vscode-languageserver-protocol@^3.17.5
198 silly packumentCache full:https://registry.npmjs.org/vscode-languageserver-protocol cache-miss
199 http fetch GET 200 https://registry.npmjs.org/path-browserify 30ms (cache miss)
200 silly packumentCache full:https://registry.npmjs.org/path-browserify set size:undefined disposed:false
201 silly fetch manifest vscode-css-languageservice@^6.3.0
202 silly packumentCache full:https://registry.npmjs.org/vscode-css-languageservice cache-miss
203 http fetch GET 200 https://registry.npmjs.org/vscode-languageserver 40ms (cache miss)
204 silly packumentCache full:https://registry.npmjs.org/vscode-languageserver set size:undefined disposed:false
205 silly fetch manifest @emmetio/css-parser@^0.4.1
206 silly packumentCache full:https://registry.npmjs.org/@emmetio%2fcss-parser cache-miss
207 http fetch GET 200 https://registry.npmjs.org/vscode-languageserver-protocol 50ms (cache miss)
208 silly packumentCache full:https://registry.npmjs.org/vscode-languageserver-protocol set size:undefined disposed:false
209 silly fetch manifest @emmetio/html-matcher@^1.3.0
210 silly packumentCache full:https://registry.npmjs.org/@emmetio%2fhtml-matcher cache-miss
211 http fetch GET 200 https://registry.npmjs.org/vscode-languageserver-protocol 49ms (cache miss)
212 silly packumentCache full:https://registry.npmjs.org/vscode-languageserver-protocol set size:undefined disposed:false
213 silly fetch manifest @vscode/emmet-helper@^2.9.3
214 silly packumentCache full:https://registry.npmjs.org/@vscode%2femmet-helper cache-miss
215 http fetch GET 200 https://registry.npmjs.org/request-light 239ms (cache miss)
216 silly packumentCache full:https://registry.npmjs.org/request-light set size:undefined disposed:false
217 silly fetch manifest vscode-html-languageservice@^5.3.0
218 silly packumentCache full:https://registry.npmjs.org/vscode-html-languageservice cache-miss
219 http cache https://registry.npmjs.org/vscode-html-languageservice 3ms (cache hit)
220 silly packumentCache full:https://registry.npmjs.org/vscode-html-languageservice set size:522784 disposed:false
221 silly fetch manifest typescript-auto-import-cache@^0.3.5
222 silly packumentCache full:https://registry.npmjs.org/typescript-auto-import-cache cache-miss
223 http fetch GET 200 https://registry.npmjs.org/typesafe-path 254ms (cache miss)
224 silly packumentCache full:https://registry.npmjs.org/typesafe-path set size:undefined disposed:false
225 silly fetch manifest vscode-nls@^5.2.0
226 silly packumentCache full:https://registry.npmjs.org/vscode-nls cache-miss
227 http fetch GET 200 https://registry.npmjs.org/vscode-css-languageservice 255ms (cache miss)
228 silly packumentCache full:https://registry.npmjs.org/vscode-css-languageservice set size:undefined disposed:false
229 silly fetch manifest yaml-language-server@~1.23.0
230 silly packumentCache full:https://registry.npmjs.org/yaml-language-server cache-miss
231 http fetch GET 200 https://registry.npmjs.org/@volar%2ftypescript 464ms (cache miss)
232 silly packumentCache full:https://registry.npmjs.org/@volar%2ftypescript set size:undefined disposed:false
233 silly fetch manifest @vscode/l10n@^0.0.18
234 silly packumentCache full:https://registry.npmjs.org/@vscode%2fl10n cache-miss
235 http fetch GET 200 https://registry.npmjs.org/@volar%2ftypescript 470ms (cache miss)
236 silly packumentCache full:https://registry.npmjs.org/@volar%2ftypescript set size:undefined disposed:false
237 silly fetch manifest vscode-languageserver-types@^3.17.5
238 silly packumentCache full:https://registry.npmjs.org/vscode-languageserver-types cache-miss
239 http fetch GET 200 https://registry.npmjs.org/vscode-nls 238ms (cache miss)
240 silly packumentCache full:https://registry.npmjs.org/vscode-nls set size:undefined disposed:false
241 silly fetch manifest vscode-languageserver-textdocument@^1.0.12
242 silly packumentCache full:https://registry.npmjs.org/vscode-languageserver-textdocument cache-miss
243 http fetch GET 200 https://registry.npmjs.org/typescript-auto-import-cache 240ms (cache miss)
244 silly packumentCache full:https://registry.npmjs.org/typescript-auto-import-cache set size:undefined disposed:false
245 http cache https://registry.npmjs.org/vscode-languageserver-textdocument 2ms (cache hit)
246 silly packumentCache full:https://registry.npmjs.org/vscode-languageserver-textdocument set size:68756 disposed:false
247 http fetch GET 200 https://registry.npmjs.org/vscode-languageserver-types 34ms (cache miss)
248 silly packumentCache full:https://registry.npmjs.org/vscode-languageserver-types set size:undefined disposed:false
249 http fetch GET 200 https://registry.npmjs.org/@vscode%2femmet-helper 488ms (cache miss)
250 silly packumentCache full:https://registry.npmjs.org/@vscode%2femmet-helper set size:undefined disposed:false
251 http fetch GET 200 https://registry.npmjs.org/yaml-language-server 307ms (cache miss)
252 silly packumentCache full:https://registry.npmjs.org/yaml-language-server set size:undefined disposed:false
253 http fetch GET 200 https://registry.npmjs.org/@volar%2fsource-map 652ms (cache miss)
254 silly packumentCache full:https://registry.npmjs.org/@volar%2fsource-map set size:undefined disposed:false
255 http fetch GET 200 https://registry.npmjs.org/@emmetio%2fcss-parser 602ms (cache miss)
256 silly packumentCache full:https://registry.npmjs.org/@emmetio%2fcss-parser set size:undefined disposed:false
257 http fetch GET 200 https://registry.npmjs.org/@emmetio%2fhtml-matcher 643ms (cache miss)
258 silly packumentCache full:https://registry.npmjs.org/@emmetio%2fhtml-matcher set size:undefined disposed:false
259 http fetch GET 200 https://registry.npmjs.org/@vscode%2fl10n 432ms (cache miss)
260 silly packumentCache full:https://registry.npmjs.org/@vscode%2fl10n set size:undefined disposed:false
261 silly placeDep ROOT yaml@2.9.0 OK for: @astrojs/yaml2ts@0.2.4 want: ^2.8.3
262 silly placeDep ROOT @volar/typescript@2.4.28 OK for: @volar/kit@2.4.28 want: 2.4.28
263 silly placeDep ROOT typesafe-path@0.2.2 OK for: @volar/kit@2.4.28 want: ^0.2.2
264 silly placeDep ROOT vscode-languageserver-textdocument@1.0.12 OK for: @volar/kit@2.4.28 want: ^1.0.11
265 silly placeDep ROOT @volar/source-map@2.4.28 OK for: @volar/language-core@2.4.28 want: 2.4.28
266 silly placeDep ROOT path-browserify@1.0.1 OK for: @volar/language-server@2.4.28 want: ^1.0.1
267 silly placeDep ROOT request-light@0.7.0 OK for: @volar/language-server@2.4.28 want: ^0.7.0
268 silly placeDep ROOT vscode-languageserver@9.0.1 OK for: @volar/language-server@2.4.28 want: ^9.0.1
269 silly placeDep ROOT vscode-languageserver-protocol@3.18.2 OK for: @volar/language-server@2.4.28 want: ^3.17.5
270 silly fetch manifest vscode-languageserver-protocol@3.17.5
271 silly packumentCache full:https://registry.npmjs.org/vscode-languageserver-protocol cache-miss
272 silly fetch manifest vscode-jsonrpc@9.0.1
273 silly packumentCache full:https://registry.npmjs.org/vscode-jsonrpc cache-miss
274 silly fetch manifest vscode-languageserver-types@3.18.0
275 silly packumentCache full:https://registry.npmjs.org/vscode-languageserver-types cache-miss
276 http cache https://registry.npmjs.org/vscode-languageserver-types 4ms (cache hit)
277 silly packumentCache full:https://registry.npmjs.org/vscode-languageserver-types set size:314984 disposed:false
278 http cache https://registry.npmjs.org/vscode-languageserver-protocol 6ms (cache hit)
279 silly packumentCache full:https://registry.npmjs.org/vscode-languageserver-protocol set size:510671 disposed:false
280 http fetch GET 200 https://registry.npmjs.org/vscode-jsonrpc 41ms (cache miss)
281 silly packumentCache full:https://registry.npmjs.org/vscode-jsonrpc set size:undefined disposed:false
282 silly fetch manifest tsconfck@^3.1.6
283 silly packumentCache full:https://registry.npmjs.org/tsconfck cache-miss
284 http fetch GET 200 https://registry.npmjs.org/tsconfck 37ms (cache miss)
285 silly packumentCache full:https://registry.npmjs.org/tsconfck set size:undefined disposed:false
286 silly fetch manifest typescript@^5.0.0
287 silly packumentCache full:https://registry.npmjs.org/typescript cache-miss
288 http cache https://registry.npmjs.org/typescript 20ms (cache hit)
289 silly packumentCache full:https://registry.npmjs.org/typescript set size:15410956 disposed:false
290 silly fetch manifest zod-to-ts@^1.2.0
291 silly packumentCache full:https://registry.npmjs.org/zod-to-ts cache-miss
292 http cache https://registry.npmjs.org/zod-to-ts 4ms (cache hit)
293 silly packumentCache full:https://registry.npmjs.org/zod-to-ts set size:51567 disposed:false
294 silly fetch manifest typescript@^4.9.4 || ^5.0.2
295 silly packumentCache full:https://registry.npmjs.org/typescript cache-miss
296 http cache https://registry.npmjs.org/typescript 23ms (cache hit)
297 silly packumentCache full:https://registry.npmjs.org/typescript set size:15410956 disposed:false
298 silly fetch manifest zod@^3.25.76
299 silly packumentCache full:https://registry.npmjs.org/zod cache-miss
300 http cache https://registry.npmjs.org/zod 9ms (cache hit)
301 silly packumentCache full:https://registry.npmjs.org/zod set size:3552562 disposed:false
302 silly placeDep ROOT tsconfck@3.1.6 OK for: astro@5.18.2 want: ^3.1.6
303 silly placeDep ROOT typescript@5.9.3 REPLACE for: tsconfck@3.1.6 want: ^5.0.0
304 silly placeDep ROOT zod-to-ts@1.2.0 OK for: astro@5.18.2 want: ^1.2.0
305 silly placeDep node_modules/chokidar readdirp@4.1.2 OK for: chokidar@4.0.3 want: ^4.0.1
306 silly placeDep ROOT vscode-css-languageservice@6.3.10 OK for: volar-service-css@0.0.71 want: ^6.3.0
307 silly fetch manifest vscode-languageserver-types@3.17.5
308 silly packumentCache full:https://registry.npmjs.org/vscode-languageserver-types cache-hit
309 silly placeDep ROOT @emmetio/css-parser@0.4.1 OK for: volar-service-emmet@0.0.71 want: ^0.4.1
310 silly placeDep ROOT @emmetio/html-matcher@1.3.0 OK for: volar-service-emmet@0.0.71 want: ^1.3.0
311 silly placeDep ROOT @vscode/emmet-helper@2.11.0 OK for: volar-service-emmet@0.0.71 want: ^2.9.3
312 silly fetch manifest @emmetio/stream-reader@^2.2.0
313 silly packumentCache full:https://registry.npmjs.org/@emmetio%2fstream-reader cache-miss
314 silly fetch manifest @emmetio/stream-reader-utils@^0.1.0
315 silly packumentCache full:https://registry.npmjs.org/@emmetio%2fstream-reader-utils cache-miss
316 silly fetch manifest @emmetio/scanner@^1.0.0
317 silly packumentCache full:https://registry.npmjs.org/@emmetio%2fscanner cache-miss
318 silly fetch manifest emmet@^2.4.3
319 silly packumentCache full:https://registry.npmjs.org/emmet cache-miss
320 silly fetch manifest jsonc-parser@^2.3.0
321 silly packumentCache full:https://registry.npmjs.org/jsonc-parser cache-miss
322 silly fetch manifest vscode-languageserver-types@^3.15.1
323 silly packumentCache full:https://registry.npmjs.org/vscode-languageserver-types cache-hit
324 http fetch GET 200 https://registry.npmjs.org/jsonc-parser 32ms (cache miss)
325 silly packumentCache full:https://registry.npmjs.org/jsonc-parser set size:undefined disposed:false
326 http fetch GET 200 https://registry.npmjs.org/emmet 235ms (cache miss)
327 silly packumentCache full:https://registry.npmjs.org/emmet set size:undefined disposed:false
328 http fetch GET 200 https://registry.npmjs.org/@emmetio%2fstream-reader-utils 464ms (cache miss)
329 silly packumentCache full:https://registry.npmjs.org/@emmetio%2fstream-reader-utils set size:undefined disposed:false
330 http fetch GET 200 https://registry.npmjs.org/@emmetio%2fstream-reader 491ms (cache miss)
331 silly packumentCache full:https://registry.npmjs.org/@emmetio%2fstream-reader set size:undefined disposed:false
332 http fetch GET 200 https://registry.npmjs.org/@emmetio%2fscanner 625ms (cache miss)
333 silly packumentCache full:https://registry.npmjs.org/@emmetio%2fscanner set size:undefined disposed:false
334 silly placeDep ROOT @emmetio/stream-reader@2.2.0 OK for: @emmetio/css-parser@0.4.1 want: ^2.2.0
335 silly placeDep ROOT @emmetio/stream-reader-utils@0.1.0 OK for: @emmetio/css-parser@0.4.1 want: ^0.1.0
336 silly placeDep ROOT @emmetio/scanner@1.0.4 OK for: @emmetio/html-matcher@1.3.0 want: ^1.0.0
337 silly placeDep ROOT emmet@2.4.11 OK for: @vscode/emmet-helper@2.11.0 want: ^2.4.3
338 silly placeDep ROOT jsonc-parser@2.3.1 OK for: @vscode/emmet-helper@2.11.0 want: ^2.3.0
339 silly placeDep ROOT vscode-languageserver-types@3.18.0 OK for: @vscode/emmet-helper@2.11.0 want: ^3.15.1
340 silly fetch manifest @emmetio/abbreviation@^2.3.3
341 silly packumentCache full:https://registry.npmjs.org/@emmetio%2fabbreviation cache-miss
342 silly fetch manifest @emmetio/css-abbreviation@^2.1.8
343 silly packumentCache full:https://registry.npmjs.org/@emmetio%2fcss-abbreviation cache-miss
344 http fetch GET 200 https://registry.npmjs.org/@emmetio%2fcss-abbreviation 441ms (cache miss)
345 silly packumentCache full:https://registry.npmjs.org/@emmetio%2fcss-abbreviation set size:undefined disposed:false
346 http fetch GET 200 https://registry.npmjs.org/@emmetio%2fabbreviation 625ms (cache miss)
347 silly packumentCache full:https://registry.npmjs.org/@emmetio%2fabbreviation set size:undefined disposed:false
348 silly placeDep ROOT @emmetio/abbreviation@2.3.3 OK for: emmet@2.4.11 want: ^2.3.3
349 silly placeDep ROOT @emmetio/css-abbreviation@2.1.8 OK for: emmet@2.4.11 want: ^2.1.8
350 silly placeDep ROOT typescript-auto-import-cache@0.3.6 OK for: volar-service-typescript@0.0.71 want: ^0.3.5
351 silly placeDep ROOT vscode-nls@5.2.0 OK for: volar-service-typescript@0.0.71 want: ^5.2.0
352 silly placeDep ROOT yaml-language-server@1.23.0 OK for: volar-service-yaml@0.0.71 want: ~1.23.0
353 silly fetch manifest ajv@^8.17.1
354 silly packumentCache full:https://registry.npmjs.org/ajv cache-miss
355 silly fetch manifest yaml@2.8.3
356 silly packumentCache full:https://registry.npmjs.org/yaml cache-hit
357 silly fetch manifest ajv-i18n@^4.2.0
358 silly packumentCache full:https://registry.npmjs.org/ajv-i18n cache-miss
359 silly fetch manifest prettier@^3.8.1
360 silly packumentCache full:https://registry.npmjs.org/prettier cache-miss
361 silly fetch manifest ajv-draft-04@^1.0.0
362 silly packumentCache full:https://registry.npmjs.org/ajv-draft-04 cache-miss
363 silly fetch manifest request-light@^0.5.7
364 silly packumentCache full:https://registry.npmjs.org/request-light cache-miss
365 silly fetch manifest vscode-json-languageservice@4.1.8
366 silly packumentCache full:https://registry.npmjs.org/vscode-json-languageservice cache-miss
367 http cache https://registry.npmjs.org/request-light 5ms (cache hit)
368 silly packumentCache full:https://registry.npmjs.org/request-light set size:72869 disposed:false
369 http cache https://registry.npmjs.org/prettier 8ms (cache hit)
370 silly packumentCache full:https://registry.npmjs.org/prettier set size:705169 disposed:false
371 http fetch GET 200 https://registry.npmjs.org/ajv-draft-04 33ms (cache miss)
372 silly packumentCache full:https://registry.npmjs.org/ajv-draft-04 set size:undefined disposed:false
373 http fetch GET 200 https://registry.npmjs.org/ajv 73ms (cache miss)
374 silly packumentCache full:https://registry.npmjs.org/ajv set size:undefined disposed:false
375 http fetch GET 200 https://registry.npmjs.org/ajv-i18n 256ms (cache miss)
376 silly packumentCache full:https://registry.npmjs.org/ajv-i18n set size:undefined disposed:false
377 http fetch GET 200 https://registry.npmjs.org/vscode-json-languageservice 263ms (cache miss)
378 silly packumentCache full:https://registry.npmjs.org/vscode-json-languageservice set size:undefined disposed:false
379 silly placeDep ROOT @vscode/l10n@0.0.18 OK for: vscode-css-languageservice@6.3.10 want: ^0.0.18
380 silly placeDep node_modules/vscode-css-languageservice vscode-languageserver-types@3.17.5 OK for: vscode-css-languageservice@6.3.10 want: 3.17.5
381 silly placeDep node_modules/vscode-languageserver vscode-languageserver-protocol@3.17.5 OK for: vscode-languageserver@9.0.1 want: 3.17.5
382 silly fetch manifest vscode-jsonrpc@8.2.0
383 silly packumentCache full:https://registry.npmjs.org/vscode-jsonrpc cache-miss
384 http cache https://registry.npmjs.org/vscode-jsonrpc 2ms (cache hit)
385 silly packumentCache full:https://registry.npmjs.org/vscode-jsonrpc set size:396740 disposed:false
386 silly placeDep ROOT vscode-jsonrpc@9.0.1 OK for: vscode-languageserver-protocol@3.18.2 want: 9.0.1
387 silly placeDep ROOT ajv@8.20.0 OK for: yaml-language-server@1.23.0 want: ^8.17.1
388 silly placeDep ROOT ajv-draft-04@1.0.0 OK for: yaml-language-server@1.23.0 want: ^1.0.0
389 silly placeDep ROOT ajv-i18n@4.2.0 OK for: yaml-language-server@1.23.0 want: ^4.2.0
390 silly placeDep ROOT prettier@3.9.4 OK for: yaml-language-server@1.23.0 want: ^3.8.1
391 silly placeDep node_modules/yaml-language-server request-light@0.5.8 OK for: yaml-language-server@1.23.0 want: ^0.5.7
392 silly placeDep ROOT vscode-json-languageservice@4.1.8 OK for: yaml-language-server@1.23.0 want: 4.1.8
393 silly placeDep node_modules/yaml-language-server yaml@2.8.3 OK for: yaml-language-server@1.23.0 want: 2.8.3
394 silly fetch manifest fast-deep-equal@^3.1.3
395 silly packumentCache full:https://registry.npmjs.org/fast-deep-equal cache-miss
396 silly fetch manifest fast-uri@^3.0.1
397 silly packumentCache full:https://registry.npmjs.org/fast-uri cache-miss
398 silly fetch manifest json-schema-traverse@^1.0.0
399 silly packumentCache full:https://registry.npmjs.org/json-schema-traverse cache-miss
400 silly fetch manifest require-from-string@^2.0.2
401 silly packumentCache full:https://registry.npmjs.org/require-from-string cache-miss
402 silly fetch manifest jsonc-parser@^3.0.0
403 silly packumentCache full:https://registry.npmjs.org/jsonc-parser cache-miss
404 http cache https://registry.npmjs.org/jsonc-parser 3ms (cache hit)
405 silly packumentCache full:https://registry.npmjs.org/jsonc-parser set size:102715 disposed:false
406 http fetch GET 200 https://registry.npmjs.org/json-schema-traverse 35ms (cache miss)
407 silly packumentCache full:https://registry.npmjs.org/json-schema-traverse set size:undefined disposed:false
408 http fetch GET 200 https://registry.npmjs.org/require-from-string 37ms (cache miss)
409 silly packumentCache full:https://registry.npmjs.org/require-from-string set size:undefined disposed:false
410 http fetch GET 200 https://registry.npmjs.org/fast-deep-equal 38ms (cache miss)
411 silly packumentCache full:https://registry.npmjs.org/fast-deep-equal set size:undefined disposed:false
412 http fetch GET 200 https://registry.npmjs.org/fast-uri 39ms (cache miss)
413 silly packumentCache full:https://registry.npmjs.org/fast-uri set size:undefined disposed:false
414 silly placeDep ROOT fast-deep-equal@3.1.3 OK for: ajv@8.20.0 want: ^3.1.3
415 silly placeDep ROOT fast-uri@3.1.3 OK for: ajv@8.20.0 want: ^3.0.1
416 silly placeDep ROOT json-schema-traverse@1.0.0 OK for: ajv@8.20.0 want: ^1.0.0
417 silly placeDep ROOT require-from-string@2.0.2 OK for: ajv@8.20.0 want: ^2.0.2
418 silly placeDep node_modules/vscode-json-languageservice jsonc-parser@3.3.1 OK for: vscode-json-languageservice@4.1.8 want: ^3.0.0
419 silly placeDep ROOT cliui@8.0.1 OK for: yargs@17.7.3 want: ^8.0.1
420 silly placeDep ROOT escalade@3.2.0 OK for: yargs@17.7.3 want: ^3.1.1
421 silly placeDep ROOT get-caller-file@2.0.5 OK for: yargs@17.7.3 want: ^2.0.5
422 silly placeDep ROOT require-directory@2.1.1 OK for: yargs@17.7.3 want: ^2.1.1
423 silly placeDep node_modules/yargs string-width@4.2.3 OK for: yargs@17.7.3 want: ^4.2.3
424 silly placeDep ROOT y18n@5.0.8 OK for: yargs@17.7.3 want: ^5.0.5
425 silly fetch manifest wrap-ansi@^7.0.0
426 silly packumentCache full:https://registry.npmjs.org/wrap-ansi cache-miss
427 silly fetch manifest strip-ansi@^6.0.1
428 silly packumentCache full:https://registry.npmjs.org/strip-ansi cache-miss
429 silly fetch manifest string-width@^4.2.0
430 silly packumentCache full:https://registry.npmjs.org/string-width cache-hit
431 silly fetch manifest strip-ansi@^6.0.1
432 silly packumentCache full:https://registry.npmjs.org/strip-ansi cache-miss
433 silly fetch manifest emoji-regex@^8.0.0
434 silly packumentCache full:https://registry.npmjs.org/emoji-regex cache-miss
435 http cache https://registry.npmjs.org/wrap-ansi 3ms (cache hit)
436 silly packumentCache full:https://registry.npmjs.org/wrap-ansi set size:55299 disposed:false
437 http cache https://registry.npmjs.org/strip-ansi 4ms (cache hit)
438 silly packumentCache full:https://registry.npmjs.org/strip-ansi set size:44998 disposed:false
439 http cache https://registry.npmjs.org/strip-ansi 4ms (cache hit)
440 silly packumentCache full:https://registry.npmjs.org/strip-ansi set size:44998 disposed:false
441 silly packumentCache full:https://registry.npmjs.org/strip-ansi dispose
442 http cache https://registry.npmjs.org/emoji-regex 5ms (cache hit)
443 silly packumentCache full:https://registry.npmjs.org/emoji-regex set size:89064 disposed:false
444 silly placeDep node_modules/cliui string-width@4.2.3 OK for: cliui@8.0.1 want: ^4.2.0
445 silly placeDep node_modules/cliui strip-ansi@6.0.1 OK for: cliui@8.0.1 want: ^6.0.1
446 silly placeDep node_modules/cliui wrap-ansi@7.0.0 OK for: cliui@8.0.1 want: ^7.0.0
447 silly fetch manifest ansi-regex@^5.0.1
448 silly packumentCache full:https://registry.npmjs.org/ansi-regex cache-miss
449 silly fetch manifest ansi-styles@^4.0.0
450 silly packumentCache full:https://registry.npmjs.org/ansi-styles cache-miss
451 http cache https://registry.npmjs.org/ansi-regex 2ms (cache hit)
452 silly packumentCache full:https://registry.npmjs.org/ansi-regex set size:43572 disposed:false
453 http cache https://registry.npmjs.org/ansi-styles 2ms (cache hit)
454 silly packumentCache full:https://registry.npmjs.org/ansi-styles set size:63233 disposed:false
455 silly placeDep node_modules/cliui emoji-regex@8.0.0 OK for: string-width@4.2.3 want: ^8.0.0
456 silly placeDep node_modules/cliui ansi-regex@5.0.1 OK for: strip-ansi@6.0.1 want: ^5.0.1
457 silly placeDep node_modules/cliui ansi-styles@4.3.0 OK for: wrap-ansi@7.0.0 want: ^4.0.0
458 silly fetch manifest color-convert@^2.0.1
459 silly packumentCache full:https://registry.npmjs.org/color-convert cache-miss
460 http fetch GET 200 https://registry.npmjs.org/color-convert 29ms (cache miss)
461 silly packumentCache full:https://registry.npmjs.org/color-convert set size:undefined disposed:false
462 silly placeDep ROOT color-convert@2.0.1 OK for: ansi-styles@4.3.0 want: ^2.0.1
463 silly fetch manifest color-name@~1.1.4
464 silly packumentCache full:https://registry.npmjs.org/color-name cache-miss
465 http fetch GET 200 https://registry.npmjs.org/color-name 24ms (cache miss)
466 silly packumentCache full:https://registry.npmjs.org/color-name set size:undefined disposed:false
467 silly placeDep ROOT color-name@1.1.4 OK for: color-convert@2.0.1 want: ~1.1.4
468 silly placeDep node_modules/vscode-languageserver vscode-jsonrpc@8.2.0 OK for: vscode-languageserver-protocol@3.17.5 want: 8.2.0
469 silly placeDep node_modules/vscode-languageserver vscode-languageserver-types@3.17.5 OK for: vscode-languageserver-protocol@3.17.5 want: 3.17.5
470 silly placeDep node_modules/yargs emoji-regex@8.0.0 OK for: string-width@4.2.3 want: ^8.0.0
471 silly placeDep node_modules/yargs strip-ansi@6.0.1 OK for: string-width@4.2.3 want: ^6.0.1
472 silly placeDep node_modules/yargs ansi-regex@5.0.1 OK for: strip-ansi@6.0.1 want: ^5.0.1
473 silly reify mark retired [
473 silly reify   '/Users/ramyadhamodharan/Sam-hub/saman2ny/node_modules/magic-string/node_modules/@jridgewell/sourcemap-codec'
473 silly reify ]
474 silly reify mark retired [
474 silly reify   '/Users/ramyadhamodharan/Sam-hub/saman2ny/node_modules/tsconfck',
474 silly reify   '/Users/ramyadhamodharan/Sam-hub/saman2ny/node_modules/.bin/tsconfck'
474 silly reify ]
475 silly reify moves {
475 silly reify   '/Users/ramyadhamodharan/Sam-hub/saman2ny/node_modules/magic-string/node_modules/@jridgewell/sourcemap-codec': '/Users/ramyadhamodharan/Sam-hub/saman2ny/node_modules/magic-string/node_modules/@jridgewell/.sourcemap-codec-ofNNh4Je',
475 silly reify   '/Users/ramyadhamodharan/Sam-hub/saman2ny/node_modules/tsconfck': '/Users/ramyadhamodharan/Sam-hub/saman2ny/node_modules/.tsconfck-O0rlLQDM',
475 silly reify   '/Users/ramyadhamodharan/Sam-hub/saman2ny/node_modules/.bin/tsconfck': '/Users/ramyadhamodharan/Sam-hub/saman2ny/node_modules/.bin/.tsconfck-xBC8cU1n'
475 silly reify }
476 silly audit bulk request {
476 silly audit   '@astrojs/compiler': [ '2.13.1' ],
476 silly audit   '@astrojs/internal-helpers': [ '0.7.6' ],
476 silly audit   '@astrojs/markdown-remark': [ '6.3.11' ],
476 silly audit   '@astrojs/prism': [ '3.3.0' ],
476 silly audit   '@types/hast': [ '3.0.4' ],
476 silly audit   '@types/unist': [ '3.0.3' ],
476 silly audit   devlop: [ '1.1.0' ],
476 silly audit   'hast-util-from-html': [ '2.0.3' ],
476 silly audit   'hast-util-is-element': [ '3.0.0' ],
476 silly audit   'hast-util-to-text': [ '4.0.2' ],
476 silly audit   '@astrojs/telemetry': [ '3.3.0' ],
476 silly audit   'is-docker': [ '3.0.0' ],
476 silly audit   'is-inside-container': [ '1.0.0' ],
476 silly audit   'is-wsl': [ '3.1.1' ],
476 silly audit   '@babel/helper-string-parser': [ '7.29.7' ],
476 silly audit   '@babel/helper-validator-identifier': [ '7.29.7' ],
476 silly audit   '@capsizecss/unpack': [ '4.0.1' ],
476 silly audit   fontkitten: [ '1.0.3' ],
476 silly audit   '@emnapi/runtime': [ '1.11.2' ],
476 silly audit   '@esbuild/aix-ppc64': [ '0.27.7', '0.25.12' ],
476 silly audit   '@esbuild/android-arm': [ '0.27.7', '0.25.12' ],
476 silly audit   '@esbuild/android-arm64': [ '0.27.7', '0.25.12' ],
476 silly audit   '@esbuild/android-x64': [ '0.27.7', '0.25.12' ],
476 silly audit   '@esbuild/darwin-x64': [ '0.27.7', '0.25.12' ],
476 silly audit   '@esbuild/freebsd-arm64': [ '0.27.7', '0.25.12' ],
476 silly audit   '@esbuild/freebsd-x64': [ '0.27.7', '0.25.12' ],
476 silly audit   '@esbuild/linux-arm': [ '0.27.7', '0.25.12' ],
476 silly audit   '@esbuild/linux-arm64': [ '0.27.7', '0.25.12' ],
476 silly audit   '@esbuild/linux-ia32': [ '0.27.7', '0.25.12' ],
476 silly audit   '@esbuild/linux-loong64': [ '0.27.7', '0.25.12' ],
476 silly audit   '@esbuild/linux-mips64el': [ '0.27.7', '0.25.12' ],
476 silly audit   '@esbuild/linux-ppc64': [ '0.27.7', '0.25.12' ],
476 silly audit   '@esbuild/linux-riscv64': [ '0.27.7', '0.25.12' ],
476 silly audit   '@esbuild/linux-s390x': [ '0.27.7', '0.25.12' ],
476 silly audit   '@esbuild/linux-x64': [ '0.27.7', '0.25.12' ],
476 silly audit   '@esbuild/netbsd-arm64': [ '0.27.7', '0.25.12' ],
476 silly audit   '@esbuild/netbsd-x64': [ '0.27.7', '0.25.12' ],
476 silly audit   '@esbuild/openbsd-arm64': [ '0.27.7', '0.25.12' ],
476 silly audit   '@esbuild/openbsd-x64': [ '0.27.7', '0.25.12' ],
476 silly audit   '@esbuild/openharmony-arm64': [ '0.27.7', '0.25.12' ],
476 silly audit   '@esbuild/sunos-x64': [ '0.27.7', '0.25.12' ],
476 silly audit   '@esbuild/win32-arm64': [ '0.27.7', '0.25.12' ],
476 silly audit   '@esbuild/win32-ia32': [ '0.27.7', '0.25.12' ],
476 silly audit   '@esbuild/win32-x64': [ '0.27.7', '0.25.12' ],
476 silly audit   '@img/sharp-darwin-x64': [ '0.34.5' ],
476 silly audit   '@img/sharp-libvips-darwin-x64': [ '1.2.4' ],
476 silly audit   '@img/sharp-libvips-linux-arm': [ '1.2.4' ],
476 silly audit   '@img/sharp-libvips-linux-arm64': [ '1.2.4' ],
476 silly audit   '@img/sharp-libvips-linux-ppc64': [ '1.2.4' ],
476 silly audit   '@img/sharp-libvips-linux-riscv64': [ '1.2.4' ],
476 silly audit   '@img/sharp-libvips-linux-s390x': [ '1.2.4' ],
476 silly audit   '@img/sharp-libvips-linux-x64': [ '1.2.4' ],
476 silly audit   '@img/sharp-libvips-linuxmusl-arm64': [ '1.2.4' ],
476 silly audit   '@img/sharp-libvips-linuxmusl-x64': [ '1.2.4' ],
476 silly audit   '@img/sharp-linux-arm': [ '0.34.5' ],
476 silly audit   '@img/sharp-linux-arm64': [ '0.34.5' ],
476 silly audit   '@img/sharp-linux-ppc64': [ '0.34.5' ],
476 silly audit   '@img/sharp-linux-riscv64': [ '0.34.5' ],
476 silly audit   '@img/sharp-linux-s390x': [ '0.34.5' ],
476 silly audit   '@img/sharp-linux-x64': [ '0.34.5' ],
476 silly audit   '@img/sharp-linuxmusl-arm64': [ '0.34.5' ],
476 silly audit   '@img/sharp-linuxmusl-x64': [ '0.34.5' ],
476 silly audit   '@img/sharp-wasm32': [ '0.34.5' ],
476 silly audit   '@img/sharp-win32-arm64': [ '0.34.5' ],
476 silly audit   '@img/sharp-win32-ia32': [ '0.34.5' ],
476 silly audit   '@img/sharp-win32-x64': [ '0.34.5' ],
476 silly audit   '@oslojs/encoding': [ '1.1.0' ],
476 silly audit   '@rollup/pluginutils': [ '5.4.0' ],
476 silly audit   '@types/estree': [ '1.0.9', '1.0.8' ],
476 silly audit   'estree-walker': [ '2.0.2', '3.0.3' ],
476 silly audit   '@rollup/rollup-android-arm-eabi': [ '4.60.1' ],
476 silly audit   '@rollup/rollup-android-arm64': [ '4.60.1' ],
476 silly audit   '@rollup/rollup-darwin-x64': [ '4.60.1' ],
476 silly audit   '@rollup/rollup-freebsd-arm64': [ '4.60.1' ],
476 silly audit   '@rollup/rollup-freebsd-x64': [ '4.60.1' ],
476 silly audit   '@rollup/rollup-linux-arm-gnueabihf': [ '4.60.1' ],
476 silly audit   '@rollup/rollup-linux-arm-musleabihf': [ '4.60.1' ],
476 silly audit   '@rollup/rollup-linux-arm64-gnu': [ '4.60.1' ],
476 silly audit   '@rollup/rollup-linux-arm64-musl': [ '4.60.1' ],
476 silly audit   '@rollup/rollup-linux-loong64-gnu': [ '4.60.1' ],
476 silly audit   '@rollup/rollup-linux-loong64-musl': [ '4.60.1' ],
476 silly audit   '@rollup/rollup-linux-ppc64-gnu': [ '4.60.1' ],
476 silly audit   '@rollup/rollup-linux-ppc64-musl': [ '4.60.1' ],
476 silly audit   '@rollup/rollup-linux-riscv64-gnu': [ '4.60.1' ],
476 silly audit   '@rollup/rollup-linux-riscv64-musl': [ '4.60.1' ],
476 silly audit   '@rollup/rollup-linux-s390x-gnu': [ '4.60.1' ],
476 silly audit   '@rollup/rollup-linux-x64-gnu': [ '4.60.1' ],
476 silly audit   '@rollup/rollup-linux-x64-musl': [ '4.60.1' ],
476 silly audit   '@rollup/rollup-openbsd-x64': [ '4.60.1' ],
476 silly audit   '@rollup/rollup-openharmony-arm64': [ '4.60.1' ],
476 silly audit   '@rollup/rollup-win32-arm64-msvc': [ '4.60.1' ],
476 silly audit   '@rollup/rollup-win32-ia32-msvc': [ '4.60.1' ],
476 silly audit   '@rollup/rollup-win32-x64-gnu': [ '4.60.1' ],
476 silly audit   '@rollup/rollup-win32-x64-msvc': [ '4.60.1' ],
476 silly audit   '@types/ms': [ '2.1.0' ],
476 silly audit   acorn: [ '8.17.0' ],
476 silly audit   'ansi-align': [ '3.0.1' ],
476 silly audit   'ansi-regex': [ '5.0.1', '6.2.2' ],
476 silly audit   'emoji-regex': [ '8.0.0', '10.6.0' ],
476 silly audit   'string-width': [ '4.2.3', '7.2.0' ],
476 silly audit   'strip-ansi': [ '6.0.1', '7.2.0' ],
476 silly audit   'ansi-styles': [ '6.2.3', '4.3.0' ],
476 silly audit   'aria-query': [ '5.3.2' ],
476 silly audit   astro: [ '5.18.2' ],
476 silly audit   '@esbuild/darwin-arm64': [ '0.25.12', '0.27.7' ],
476 silly audit   vite: [ '6.4.3' ],
476 silly audit   esbuild: [ '0.25.12', '0.27.7' ],
476 silly audit   'axobject-query': [ '4.1.0' ],
476 silly audit   'base-64': [ '1.0.0' ],
476 silly audit   boolbase: [ '1.0.0' ],
476 silly audit   boxen: [ '8.0.1' ],
476 silly audit   camelcase: [ '8.0.0' ],
476 silly audit   chalk: [ '5.6.2' ],
476 silly audit   'character-entities': [ '2.0.2' ],
476 silly audit   'ci-info': [ '4.4.0' ],
476 silly audit   'cli-boxes': [ '3.0.0' ],
476 silly audit   clsx: [ '2.1.1' ],
476 silly audit   'comma-separated-tokens': [ '2.0.3' ],
476 silly audit   'common-ancestor-path': [ '1.0.1' ],
476 silly audit   cookie: [ '1.1.1' ],
476 silly audit   'cookie-es': [ '1.2.3' ],
476 silly audit   crossws: [ '0.3.5' ],
476 silly audit   cssesc: [ '3.0.0' ],
476 silly audit   debug: [ '4.4.3' ],
476 silly audit   defu: [ '6.1.7' ],
476 silly audit   dequal: [ '2.0.3' ],
476 silly audit   'deterministic-object-hash': [ '2.0.2' ],
476 silly audit   devalue: [ '5.8.1' ],
476 silly audit   diff: [ '8.0.4' ],
476 silly audit   dlv: [ '1.1.3' ],
476 silly audit   'dom-serializer': [ '2.0.0' ],
476 silly audit   entities: [ '4.5.0', '6.0.1' ],
476 silly audit   domelementtype: [ '2.3.0' ],
476 silly audit   domhandler: [ '5.0.3' ],
476 silly audit   domutils: [ '3.2.2' ],
476 silly audit   dset: [ '3.1.4' ],
476 silly audit   'es-module-lexer': [ '1.7.0' ],
476 silly audit   fdir: [ '6.5.0' ],
476 silly audit   flattie: [ '1.1.1' ],
476 silly audit   fontace: [ '0.4.1' ],
476 silly audit   fsevents: [ '2.3.3' ],
476 silly audit   'get-east-asian-width': [ '1.6.0' ],
476 silly audit   'github-slugger': [ '2.0.0' ],
476 silly audit   'hast-util-from-parse5': [ '8.0.3' ],
476 silly audit   'hast-util-parse-selector': [ '4.0.0' ],
476 silly audit   'hast-util-to-parse5': [ '8.0.1' ],
476 silly audit   'hast-util-whitespace': [ '3.0.0' ],
476 silly audit   hastscript: [ '9.0.1' ],
476 silly audit   'html-escaper': [ '3.0.3' ],
476 silly audit   'html-void-elements': [ '3.0.0' ],
476 silly audit   'http-cache-semantics': [ '4.2.0' ],
476 silly audit   'import-meta-resolve': [ '4.2.0' ],
476 silly audit   'iron-webcrypto': [ '1.2.1' ],
476 silly audit   'is-fullwidth-code-point': [ '3.0.0' ],
476 silly audit   'js-yaml': [ '4.3.0' ],
476 silly audit   argparse: [ '2.0.1' ],
476 silly audit   kleur: [ '3.0.3', '4.1.5' ],
476 silly audit   'magic-string': [ '0.30.21' ],
476 silly audit   '@jridgewell/sourcemap-codec': [ '1.5.5' ],
476 silly audit   magicast: [ '0.5.2' ],
476 silly audit   '@babel/parser': [ '7.29.7' ],
476 silly audit   '@babel/types': [ '7.29.7' ],
476 silly audit   'markdown-table': [ '3.0.4' ],
476 silly audit   'mdast-util-definitions': [ '6.0.0' ],
476 silly audit   '@types/mdast': [ '4.0.4' ],
476 silly audit   'mdast-util-find-and-replace': [ '3.0.2' ],
476 silly audit   'escape-string-regexp': [ '5.0.0' ],
476 silly audit   'mdast-util-from-markdown': [ '2.0.3' ],
476 silly audit   'decode-named-character-reference': [ '1.3.0' ],
476 silly audit   'mdast-util-gfm': [ '3.1.0' ],
476 silly audit   'mdast-util-gfm-autolink-literal': [ '2.0.1' ],
476 silly audit   ccount: [ '2.0.1' ],
476 silly audit   'mdast-util-gfm-footnote': [ '2.1.0' ],
476 silly audit   'mdast-util-gfm-strikethrough': [ '2.0.0' ],
476 silly audit   'mdast-util-gfm-table': [ '2.0.0' ],
476 silly audit   'mdast-util-gfm-task-list-item': [ '2.0.0' ],
476 silly audit   'mdast-util-phrasing': [ '4.1.0' ],
476 silly audit   'mdast-util-to-hast': [ '13.2.1' ],
476 silly audit   '@ungap/structured-clone': [ '1.3.2' ],
476 silly audit   'mdast-util-to-markdown': [ '2.1.2' ],
476 silly audit   'longest-streak': [ '3.1.0' ],
476 silly audit   'mdast-util-to-string': [ '4.0.0' ],
476 silly audit   'mdn-data': [ '2.27.1', '2.0.28' ],
476 silly audit   micromark: [ '4.0.2' ],
476 silly audit   'micromark-core-commonmark': [ '2.0.3' ],
476 silly audit   'micromark-extension-gfm': [ '3.0.0' ],
476 silly audit   'micromark-extension-gfm-autolink-literal': [ '2.1.0' ],
476 silly audit   'micromark-extension-gfm-footnote': [ '2.1.0' ],
476 silly audit   'micromark-extension-gfm-strikethrough': [ '2.1.0' ],
476 silly audit   'micromark-extension-gfm-table': [ '2.1.1' ],
476 silly audit   'micromark-extension-gfm-tagfilter': [ '2.0.0' ],
476 silly audit   'micromark-extension-gfm-task-list-item': [ '2.1.0' ],
476 silly audit   'micromark-factory-destination': [ '2.0.1' ],
476 silly audit   'micromark-factory-label': [ '2.0.1' ],
476 silly audit   'micromark-factory-space': [ '2.0.1' ],
476 silly audit   'micromark-factory-title': [ '2.0.1' ],
476 silly audit   'micromark-factory-whitespace': [ '2.0.1' ],
476 silly audit   'micromark-util-character': [ '2.1.1' ],
476 silly audit   'micromark-util-chunked': [ '2.0.1' ],
476 silly audit   'micromark-util-classify-character': [ '2.0.1' ],
476 silly audit   'micromark-util-combine-extensions': [ '2.0.1' ],
476 silly audit   'micromark-util-decode-numeric-character-reference': [ '2.0.2' ],
476 silly audit   'micromark-util-decode-string': [ '2.0.1' ],
476 silly audit   'micromark-util-encode': [ '2.0.1' ],
476 silly audit   'micromark-util-html-tag-name': [ '2.0.1' ],
476 silly audit   'micromark-util-normalize-identifier': [ '2.0.1' ],
476 silly audit   'micromark-util-resolve-all': [ '2.0.1' ],
476 silly audit   'micromark-util-sanitize-uri': [ '2.0.1' ],
476 silly audit   'micromark-util-subtokenize': [ '2.1.0' ],
476 silly audit   'micromark-util-symbol': [ '2.0.1' ],
476 silly audit   'micromark-util-types': [ '2.0.2' ],
476 silly audit   '@types/debug': [ '4.1.13' ],
476 silly audit   mrmime: [ '2.0.1' ],
476 silly audit   ms: [ '2.1.3' ],
476 silly audit   nanoid: [ '3.3.11' ],
476 silly audit   neotraverse: [ '0.6.18' ],
476 silly audit   'nlcst-to-string': [ '4.0.0' ],
476 silly audit   '@types/nlcst': [ '2.0.3' ],
476 silly audit   'node-fetch-native': [ '1.6.7' ],
476 silly audit   'node-mock-http': [ '1.0.4' ],
476 silly audit   'normalize-path': [ '3.0.0' ],
476 silly audit   'nth-check': [ '2.1.1' ],
476 silly audit   ofetch: [ '1.5.1' ],
476 silly audit   destr: [ '2.0.5' ],
476 silly audit   ohash: [ '2.0.11' ],
476 silly audit   'oniguruma-parser': [ '0.12.1' ],
476 silly audit   'oniguruma-to-es': [ '4.3.5' ],
476 silly audit   'p-limit': [ '6.2.0' ],
476 silly audit   'p-queue': [ '8.1.1' ],
476 silly audit   eventemitter3: [ '5.0.4' ],
476 silly audit   'p-timeout': [ '6.1.4' ],
476 silly audit   'package-manager-detector': [ '1.6.0' ],
476 silly audit   'parse-latin': [ '7.0.0' ],
476 silly audit   parse5: [ '7.3.0' ],
476 silly audit   piccolore: [ '0.1.3' ],
476 silly audit   picocolors: [ '1.1.1' ],
476 silly audit   picomatch: [ '4.0.4', '2.3.2' ],
476 silly audit   postcss: [ '8.5.10' ],
476 silly audit   prismjs: [ '1.30.0' ],
476 silly audit   prompts: [ '2.4.2' ],
476 silly audit   'property-information': [ '7.1.0' ],
476 silly audit   radix3: [ '1.1.2' ],
476 silly audit   readdirp: [ '5.0.0', '4.1.2' ],
476 silly audit   regex: [ '6.1.0' ],
476 silly audit   'regex-recursion': [ '6.0.2' ],
476 silly audit   'regex-utilities': [ '2.3.0' ],
476 silly audit   rehype: [ '13.0.2' ],
476 silly audit   'rehype-parse': [ '9.0.1' ],
476 silly audit   'rehype-raw': [ '7.0.0' ],
476 silly audit   'hast-util-raw': [ '9.1.0' ],
476 silly audit   'rehype-stringify': [ '10.0.1' ],
476 silly audit   'hast-util-to-html': [ '9.0.5' ],
476 silly audit   'remark-gfm': [ '4.0.1' ],
476 silly audit   'remark-parse': [ '11.0.0' ],
476 silly audit   'remark-rehype': [ '11.1.2' ],
476 silly audit   'remark-smartypants': [ '3.0.2' ],
476 silly audit   'remark-stringify': [ '11.0.0' ],
476 silly audit   retext: [ '9.0.0' ],
476 silly audit   'retext-latin': [ '4.0.0' ],
476 silly audit   'retext-smartypants': [ '6.2.0' ],
476 silly audit   'retext-stringify': [ '4.0.0' ],
476 silly audit   rollup: [ '4.60.1' ],
476 silly audit   '@rollup/rollup-darwin-arm64': [ '4.60.1' ],
476 silly audit   sax: [ '1.6.0' ],
476 silly audit   semver: [ '7.7.4' ],
476 silly audit   sharp: [ '0.34.5' ],
476 silly audit   '@img/colour': [ '1.1.0' ],
476 silly audit   '@img/sharp-darwin-arm64': [ '0.34.5' ],
476 silly audit   '@img/sharp-libvips-darwin-arm64': [ '1.2.4' ],
476 silly audit   'detect-libc': [ '2.1.2' ],
476 silly audit   shiki: [ '3.23.0' ],
476 silly audit   '@shikijs/core': [ '3.23.0' ],
476 silly audit   '@shikijs/engine-javascript': [ '3.23.0' ],
476 silly audit   '@shikijs/engine-oniguruma': [ '3.23.0' ],
476 silly audit   '@shikijs/langs': [ '3.23.0' ],
476 silly audit   '@shikijs/themes': [ '3.23.0' ],
476 silly audit   '@shikijs/types': [ '3.23.0' ],
476 silly audit   '@shikijs/vscode-textmate': [ '10.0.2' ],
476 silly audit   sisteransi: [ '1.0.5' ],
476 silly audit   'smol-toml': [ '1.6.1' ],
476 silly audit   'source-map-js': [ '1.2.1' ],
476 silly audit   'space-separated-tokens': [ '2.0.2' ],
476 silly audit   'stringify-entities': [ '4.0.4' ],
476 silly audit   'character-entities-html4': [ '2.1.0' ],
476 silly audit   'character-entities-legacy': [ '3.0.0' ],
476 silly audit   svgo: [ '4.0.1' ],
476 silly audit   commander: [ '11.1.0' ],
476 silly audit   'css-select': [ '5.2.2' ],
476 silly audit   'css-tree': [ '3.2.1', '2.2.1' ],
476 silly audit   'css-what': [ '6.2.2' ],
476 silly audit   csso: [ '5.0.5' ],
476 silly audit   'tiny-inflate': [ '1.0.3' ],
476 silly audit   tinyexec: [ '1.1.1' ],
476 silly audit   tinyglobby: [ '0.2.16' ],
476 silly audit   'trim-lines': [ '3.0.1' ],
476 silly audit   trough: [ '2.2.0' ],
476 silly audit   tslib: [ '2.8.1' ],
476 silly audit   'type-fest': [ '4.41.0' ],
476 silly audit   ufo: [ '1.6.3' ],
476 silly audit   ultrahtml: [ '1.6.0' ],
476 silly audit   uncrypto: [ '0.1.3' ],
476 silly audit   unified: [ '11.0.5' ],
476 silly audit   bail: [ '2.0.2' ],
476 silly audit   extend: [ '3.0.2' ],
476 silly audit   'is-plain-obj': [ '4.1.0' ],
476 silly audit   unifont: [ '0.7.4' ],
476 silly audit   'unist-util-find-after': [ '5.0.0' ],
476 silly audit   'unist-util-is': [ '6.0.1' ],
476 silly audit   'unist-util-modify-children': [ '4.0.0' ],
476 silly audit   'array-iterate': [ '2.0.1' ],
476 silly audit   'unist-util-position': [ '5.0.0' ],
476 silly audit   'unist-util-remove-position': [ '5.0.0' ],
476 silly audit   'unist-util-stringify-position': [ '4.0.0' ],
476 silly audit   'unist-util-visit': [ '5.1.0' ],
476 silly audit   'unist-util-visit-children': [ '3.0.0' ],
476 silly audit   'unist-util-visit-parents': [ '6.0.2' ],
476 silly audit   unstorage: [ '1.17.5' ],
476 silly audit   anymatch: [ '3.1.3' ],
476 silly audit   chokidar: [ '5.0.0', '4.0.3' ],
476 silly audit   h3: [ '1.15.11' ],
476 silly audit   'lru-cache': [ '11.5.1' ],
476 silly audit   vfile: [ '6.0.3' ],
476 silly audit   'vfile-location': [ '5.0.3' ],
476 silly audit   'vfile-message': [ '4.0.3' ],
476 silly audit   vitefu: [ '1.1.3' ],
476 silly audit   'web-namespaces': [ '2.0.1' ],
476 silly audit   'which-pm-runs': [ '1.1.0' ],
476 silly audit   'widest-line': [ '5.0.0' ],
476 silly audit   'wrap-ansi': [ '9.0.2', '7.0.0' ],
476 silly audit   'xxhash-wasm': [ '1.1.0' ],
476 silly audit   'yargs-parser': [ '21.1.1' ],
476 silly audit   'yocto-queue': [ '1.2.2' ],
476 silly audit   'yocto-spinner': [ '0.2.3' ],
476 silly audit   yoctocolors: [ '2.1.2' ],
476 silly audit   zod: [ '3.25.76' ],
476 silly audit   'zod-to-json-schema': [ '3.25.2' ],
476 silly audit   zwitch: [ '2.0.4' ],
476 silly audit   '@astrojs/check': [ '0.9.9' ],
476 silly audit   '@astrojs/language-server': [ '2.16.11' ],
476 silly audit   yargs: [ '17.7.3' ],
476 silly audit   '@astrojs/yaml2ts': [ '0.2.4' ],
476 silly audit   '@volar/kit': [ '2.4.28' ],
476 silly audit   '@volar/language-core': [ '2.4.28' ],
476 silly audit   '@volar/language-server': [ '2.4.28' ],
476 silly audit   '@volar/language-service': [ '2.4.28' ],
476 silly audit   'muggle-string': [ '0.4.1' ],
476 silly audit   'volar-service-css': [ '0.0.71' ],
476 silly audit   'volar-service-emmet': [ '0.0.71' ],
476 silly audit   'volar-service-html': [ '0.0.71' ],
476 silly audit   'volar-service-prettier': [ '0.0.71' ],
476 silly audit   'volar-service-typescript': [ '0.0.71' ],
476 silly audit   'volar-service-typescript-twoslash-queries': [ '0.0.71' ],
476 silly audit   'volar-service-yaml': [ '0.0.71' ],
476 silly audit   'vscode-html-languageservice': [ '5.6.2' ],
476 silly audit   'vscode-uri': [ '3.1.0' ],
476 silly audit   yaml: [ '2.9.0', '2.8.3' ],
476 silly audit   '@volar/typescript': [ '2.4.28' ],
476 silly audit   'typesafe-path': [ '0.2.2' ],
476 silly audit   'vscode-languageserver-textdocument': [ '1.0.12' ],
476 silly audit   '@volar/source-map': [ '2.4.28' ],
476 silly audit   'path-browserify': [ '1.0.1' ],
476 silly audit   'request-light': [ '0.7.0', '0.5.8' ],
476 silly audit   'vscode-languageserver': [ '9.0.1' ],
476 silly audit   'vscode-languageserver-protocol': [ '3.18.2', '3.17.5' ],
476 silly audit   tsconfck: [ '3.1.6' ],
476 silly audit   typescript: [ '5.9.3' ],
476 silly audit   'zod-to-ts': [ '1.2.0' ],
476 silly audit   'vscode-css-languageservice': [ '6.3.10' ],
476 silly audit   '@emmetio/css-parser': [ '0.4.1' ],
476 silly audit   '@emmetio/html-matcher': [ '1.3.0' ],
476 silly audit   '@vscode/emmet-helper': [ '2.11.0' ],
476 silly audit   '@emmetio/stream-reader': [ '2.2.0' ],
476 silly audit   '@emmetio/stream-reader-utils': [ '0.1.0' ],
476 silly audit   '@emmetio/scanner': [ '1.0.4' ],
476 silly audit   emmet: [ '2.4.11' ],
476 silly audit   'jsonc-parser': [ '2.3.1', '3.3.1' ],
476 silly audit   'vscode-languageserver-types': [ '3.18.0', '3.17.5' ],
476 silly audit   '@emmetio/abbreviation': [ '2.3.3' ],
476 silly audit   '@emmetio/css-abbreviation': [ '2.1.8' ],
476 silly audit   'typescript-auto-import-cache': [ '0.3.6' ],
476 silly audit   'vscode-nls': [ '5.2.0' ],
476 silly audit   'yaml-language-server': [ '1.23.0' ],
476 silly audit   '@vscode/l10n': [ '0.0.18' ],
476 silly audit   'vscode-jsonrpc': [ '9.0.1', '8.2.0' ],
476 silly audit   ajv: [ '8.20.0' ],
476 silly audit   'ajv-draft-04': [ '1.0.0' ],
476 silly audit   'ajv-i18n': [ '4.2.0' ],
476 silly audit   prettier: [ '3.9.4' ],
476 silly audit   'vscode-json-languageservice': [ '4.1.8' ],
476 silly audit   'fast-deep-equal': [ '3.1.3' ],
476 silly audit   'fast-uri': [ '3.1.3' ],
476 silly audit   'json-schema-traverse': [ '1.0.0' ],
476 silly audit   'require-from-string': [ '2.0.2' ],
476 silly audit   cliui: [ '8.0.1' ],
476 silly audit   escalade: [ '3.2.0' ],
476 silly audit   'get-caller-file': [ '2.0.5' ],
476 silly audit   'require-directory': [ '2.1.1' ],
476 silly audit   y18n: [ '5.0.8' ],
476 silly audit   'color-convert': [ '2.0.1' ],
476 silly audit   'color-name': [ '1.1.4' ]
476 silly audit }
477 http cache color-name@https://registry.npmjs.org/color-name/-/color-name-1.1.4.tgz 0ms (cache hit)
478 http cache color-convert@https://registry.npmjs.org/color-convert/-/color-convert-2.0.1.tgz 0ms (cache hit)
479 http cache y18n@https://registry.npmjs.org/y18n/-/y18n-5.0.8.tgz 0ms (cache hit)
480 http cache require-directory@https://registry.npmjs.org/require-directory/-/require-directory-2.1.1.tgz 0ms (cache hit)
481 http cache cliui@https://registry.npmjs.org/cliui/-/cliui-8.0.1.tgz 0ms (cache hit)
482 http cache escalade@https://registry.npmjs.org/escalade/-/escalade-3.2.0.tgz 0ms (cache hit)
483 http cache get-caller-file@https://registry.npmjs.org/get-caller-file/-/get-caller-file-2.0.5.tgz 0ms (cache hit)
484 http cache require-from-string@https://registry.npmjs.org/require-from-string/-/require-from-string-2.0.2.tgz 0ms (cache hit)
485 http cache json-schema-traverse@https://registry.npmjs.org/json-schema-traverse/-/json-schema-traverse-1.0.0.tgz 0ms (cache hit)
486 http cache fast-uri@https://registry.npmjs.org/fast-uri/-/fast-uri-3.1.3.tgz 0ms (cache hit)
487 http cache prettier@https://registry.npmjs.org/prettier/-/prettier-3.9.4.tgz 0ms (cache hit)
488 http cache ajv-i18n@https://registry.npmjs.org/ajv-i18n/-/ajv-i18n-4.2.0.tgz 0ms (cache hit)
489 http cache ajv@https://registry.npmjs.org/ajv/-/ajv-8.20.0.tgz 0ms (cache hit)
490 http cache fast-deep-equal@https://registry.npmjs.org/fast-deep-equal/-/fast-deep-equal-3.1.3.tgz 0ms (cache hit)
491 http cache vscode-jsonrpc@https://registry.npmjs.org/vscode-jsonrpc/-/vscode-jsonrpc-9.0.1.tgz 0ms (cache hit)
492 http cache vscode-json-languageservice@https://registry.npmjs.org/vscode-json-languageservice/-/vscode-json-languageservice-4.1.8.tgz 0ms (cache hit)
493 http cache @vscode/l10n@https://registry.npmjs.org/@vscode/l10n/-/l10n-0.0.18.tgz 0ms (cache hit)
494 http cache ajv-draft-04@https://registry.npmjs.org/ajv-draft-04/-/ajv-draft-04-1.0.0.tgz 0ms (cache hit)
495 http cache yaml-language-server@https://registry.npmjs.org/yaml-language-server/-/yaml-language-server-1.23.0.tgz 0ms (cache hit)
496 http cache vscode-nls@https://registry.npmjs.org/vscode-nls/-/vscode-nls-5.2.0.tgz 0ms (cache hit)
497 http cache typescript-auto-import-cache@https://registry.npmjs.org/typescript-auto-import-cache/-/typescript-auto-import-cache-0.3.6.tgz 0ms (cache hit)
498 http cache @emmetio/css-abbreviation@https://registry.npmjs.org/@emmetio/css-abbreviation/-/css-abbreviation-2.1.8.tgz 0ms (cache hit)
499 http cache vscode-languageserver-types@https://registry.npmjs.org/vscode-languageserver-types/-/vscode-languageserver-types-3.18.0.tgz 0ms (cache hit)
500 http cache jsonc-parser@https://registry.npmjs.org/jsonc-parser/-/jsonc-parser-2.3.1.tgz 0ms (cache hit)
501 http cache @emmetio/abbreviation@https://registry.npmjs.org/@emmetio/abbreviation/-/abbreviation-2.3.3.tgz 0ms (cache hit)
502 http cache @emmetio/scanner@https://registry.npmjs.org/@emmetio/scanner/-/scanner-1.0.4.tgz 0ms (cache hit)
503 http cache @emmetio/stream-reader-utils@https://registry.npmjs.org/@emmetio/stream-reader-utils/-/stream-reader-utils-0.1.0.tgz 0ms (cache hit)
504 http cache @vscode/emmet-helper@https://registry.npmjs.org/@vscode/emmet-helper/-/emmet-helper-2.11.0.tgz 0ms (cache hit)
505 http cache @emmetio/css-parser@https://registry.npmjs.org/@emmetio/css-parser/-/css-parser-0.4.1.tgz 0ms (cache hit)
506 http cache vscode-css-languageservice@https://registry.npmjs.org/vscode-css-languageservice/-/vscode-css-languageservice-6.3.10.tgz 0ms (cache hit)
507 http cache emmet@https://registry.npmjs.org/emmet/-/emmet-2.4.11.tgz 0ms (cache hit)
508 http cache vscode-languageserver-protocol@https://registry.npmjs.org/vscode-languageserver-protocol/-/vscode-languageserver-protocol-3.18.2.tgz 0ms (cache hit)
509 http cache @emmetio/html-matcher@https://registry.npmjs.org/@emmetio/html-matcher/-/html-matcher-1.3.0.tgz 0ms (cache hit)
510 http cache request-light@https://registry.npmjs.org/request-light/-/request-light-0.7.0.tgz 0ms (cache hit)
511 http cache path-browserify@https://registry.npmjs.org/path-browserify/-/path-browserify-1.0.1.tgz 0ms (cache hit)
512 http cache @emmetio/stream-reader@https://registry.npmjs.org/@emmetio/stream-reader/-/stream-reader-2.2.0.tgz 0ms (cache hit)
513 http cache vscode-languageserver@https://registry.npmjs.org/vscode-languageserver/-/vscode-languageserver-9.0.1.tgz 0ms (cache hit)
514 http cache vscode-languageserver-textdocument@https://registry.npmjs.org/vscode-languageserver-textdocument/-/vscode-languageserver-textdocument-1.0.12.tgz 0ms (cache hit)
515 http cache typesafe-path@https://registry.npmjs.org/typesafe-path/-/typesafe-path-0.2.2.tgz 0ms (cache hit)
516 http cache yaml@https://registry.npmjs.org/yaml/-/yaml-2.9.0.tgz 0ms (cache hit)
517 http cache @volar/source-map@https://registry.npmjs.org/@volar/source-map/-/source-map-2.4.28.tgz 0ms (cache hit)
518 http cache @volar/typescript@https://registry.npmjs.org/@volar/typescript/-/typescript-2.4.28.tgz 0ms (cache hit)
519 http cache volar-service-yaml@https://registry.npmjs.org/volar-service-yaml/-/volar-service-yaml-0.0.71.tgz 0ms (cache hit)
520 http cache vscode-html-languageservice@https://registry.npmjs.org/vscode-html-languageservice/-/vscode-html-languageservice-5.6.2.tgz 0ms (cache hit)
521 http cache volar-service-typescript-twoslash-queries@https://registry.npmjs.org/volar-service-typescript-twoslash-queries/-/volar-service-typescript-twoslash-queries-0.0.71.tgz 0ms (cache hit)
522 http cache volar-service-typescript@https://registry.npmjs.org/volar-service-typescript/-/volar-service-typescript-0.0.71.tgz 0ms (cache hit)
523 http cache volar-service-prettier@https://registry.npmjs.org/volar-service-prettier/-/volar-service-prettier-0.0.71.tgz 0ms (cache hit)
524 http cache volar-service-html@https://registry.npmjs.org/volar-service-html/-/volar-service-html-0.0.71.tgz 0ms (cache hit)
525 http cache vscode-uri@https://registry.npmjs.org/vscode-uri/-/vscode-uri-3.1.0.tgz 0ms (cache hit)
526 http cache volar-service-css@https://registry.npmjs.org/volar-service-css/-/volar-service-css-0.0.71.tgz 0ms (cache hit)
527 http cache muggle-string@https://registry.npmjs.org/muggle-string/-/muggle-string-0.4.1.tgz 0ms (cache hit)
528 http cache volar-service-emmet@https://registry.npmjs.org/volar-service-emmet/-/volar-service-emmet-0.0.71.tgz 0ms (cache hit)
529 http cache @volar/language-server@https://registry.npmjs.org/@volar/language-server/-/language-server-2.4.28.tgz 0ms (cache hit)
530 http cache @volar/language-service@https://registry.npmjs.org/@volar/language-service/-/language-service-2.4.28.tgz 0ms (cache hit)
531 http cache @jridgewell/sourcemap-codec@https://registry.npmjs.org/@jridgewell/sourcemap-codec/-/sourcemap-codec-1.5.5.tgz 0ms (cache hit)
532 http cache @astrojs/yaml2ts@https://registry.npmjs.org/@astrojs/yaml2ts/-/yaml2ts-0.2.4.tgz 0ms (cache hit)
533 http cache yargs@https://registry.npmjs.org/yargs/-/yargs-17.7.3.tgz 0ms (cache hit)
534 http cache @volar/language-core@https://registry.npmjs.org/@volar/language-core/-/language-core-2.4.28.tgz 0ms (cache hit)
535 http cache chokidar@https://registry.npmjs.org/chokidar/-/chokidar-4.0.3.tgz 0ms (cache hit)
536 http cache @astrojs/language-server@https://registry.npmjs.org/@astrojs/language-server/-/language-server-2.16.11.tgz 0ms (cache hit)
537 http cache @astrojs/check@https://registry.npmjs.org/@astrojs/check/-/check-0.9.9.tgz 0ms (cache hit)
538 http cache tsconfck@https://registry.npmjs.org/tsconfck/-/tsconfck-3.1.6.tgz 0ms (cache hit)
539 http cache ansi-styles@https://registry.npmjs.org/ansi-styles/-/ansi-styles-4.3.0.tgz 0ms (cache hit)
540 http cache emoji-regex@https://registry.npmjs.org/emoji-regex/-/emoji-regex-8.0.0.tgz 0ms (cache hit)
541 http cache wrap-ansi@https://registry.npmjs.org/wrap-ansi/-/wrap-ansi-7.0.0.tgz 0ms (cache hit)
542 http cache ansi-regex@https://registry.npmjs.org/ansi-regex/-/ansi-regex-5.0.1.tgz 0ms (cache hit)
543 http cache string-width@https://registry.npmjs.org/string-width/-/string-width-4.2.3.tgz 0ms (cache hit)
544 http cache strip-ansi@https://registry.npmjs.org/strip-ansi/-/strip-ansi-6.0.1.tgz 0ms (cache hit)
545 http cache jsonc-parser@https://registry.npmjs.org/jsonc-parser/-/jsonc-parser-3.3.1.tgz 0ms (cache hit)
546 http cache yaml@https://registry.npmjs.org/yaml/-/yaml-2.8.3.tgz 0ms (cache hit)
547 http cache request-light@https://registry.npmjs.org/request-light/-/request-light-0.5.8.tgz 0ms (cache hit)
548 http cache vscode-languageserver-types@https://registry.npmjs.org/vscode-languageserver-types/-/vscode-languageserver-types-3.17.5.tgz 0ms (cache hit)
549 http cache vscode-jsonrpc@https://registry.npmjs.org/vscode-jsonrpc/-/vscode-jsonrpc-8.2.0.tgz 0ms (cache hit)
550 http cache vscode-languageserver-types@https://registry.npmjs.org/vscode-languageserver-types/-/vscode-languageserver-types-3.17.5.tgz 0ms (cache hit)
551 http cache vscode-languageserver-protocol@https://registry.npmjs.org/vscode-languageserver-protocol/-/vscode-languageserver-protocol-3.17.5.tgz 0ms (cache hit)
552 http cache ansi-regex@https://registry.npmjs.org/ansi-regex/-/ansi-regex-5.0.1.tgz 0ms (cache hit)
553 http cache strip-ansi@https://registry.npmjs.org/strip-ansi/-/strip-ansi-6.0.1.tgz 0ms (cache hit)
554 http cache emoji-regex@https://registry.npmjs.org/emoji-regex/-/emoji-regex-8.0.0.tgz 0ms (cache hit)
555 http cache @volar/kit@https://registry.npmjs.org/@volar/kit/-/kit-2.4.28.tgz 0ms (cache hit)
556 http cache string-width@https://registry.npmjs.org/string-width/-/string-width-4.2.3.tgz 0ms (cache hit)
557 silly tarball no local data for color-name@https://registry.npmjs.org/color-name/-/color-name-1.1.4.tgz. Extracting by manifest.
558 http cache readdirp@https://registry.npmjs.org/readdirp/-/readdirp-4.1.2.tgz 0ms (cache hit)
559 silly tarball no local data for color-convert@https://registry.npmjs.org/color-convert/-/color-convert-2.0.1.tgz. Extracting by manifest.
560 silly tarball no local data for y18n@https://registry.npmjs.org/y18n/-/y18n-5.0.8.tgz. Extracting by manifest.
561 http cache kleur@https://registry.npmjs.org/kleur/-/kleur-4.1.5.tgz 0ms (cache hit)
562 silly tarball no local data for require-directory@https://registry.npmjs.org/require-directory/-/require-directory-2.1.1.tgz. Extracting by manifest.
563 silly tarball no local data for cliui@https://registry.npmjs.org/cliui/-/cliui-8.0.1.tgz. Extracting by manifest.
564 silly tarball no local data for escalade@https://registry.npmjs.org/escalade/-/escalade-3.2.0.tgz. Extracting by manifest.
565 silly tarball no local data for get-caller-file@https://registry.npmjs.org/get-caller-file/-/get-caller-file-2.0.5.tgz. Extracting by manifest.
566 silly tarball no local data for require-from-string@https://registry.npmjs.org/require-from-string/-/require-from-string-2.0.2.tgz. Extracting by manifest.
567 silly tarball no local data for json-schema-traverse@https://registry.npmjs.org/json-schema-traverse/-/json-schema-traverse-1.0.0.tgz. Extracting by manifest.
568 silly tarball no local data for fast-uri@https://registry.npmjs.org/fast-uri/-/fast-uri-3.1.3.tgz. Extracting by manifest.
569 silly tarball no local data for prettier@https://registry.npmjs.org/prettier/-/prettier-3.9.4.tgz. Extracting by manifest.
570 silly tarball no local data for ajv-i18n@https://registry.npmjs.org/ajv-i18n/-/ajv-i18n-4.2.0.tgz. Extracting by manifest.
571 silly tarball no local data for ajv@https://registry.npmjs.org/ajv/-/ajv-8.20.0.tgz. Extracting by manifest.
572 silly tarball no local data for fast-deep-equal@https://registry.npmjs.org/fast-deep-equal/-/fast-deep-equal-3.1.3.tgz. Extracting by manifest.
573 silly tarball no local data for vscode-jsonrpc@https://registry.npmjs.org/vscode-jsonrpc/-/vscode-jsonrpc-9.0.1.tgz. Extracting by manifest.
574 silly tarball no local data for vscode-json-languageservice@https://registry.npmjs.org/vscode-json-languageservice/-/vscode-json-languageservice-4.1.8.tgz. Extracting by manifest.
575 silly tarball no local data for @vscode/l10n@https://registry.npmjs.org/@vscode/l10n/-/l10n-0.0.18.tgz. Extracting by manifest.
576 silly tarball no local data for ajv-draft-04@https://registry.npmjs.org/ajv-draft-04/-/ajv-draft-04-1.0.0.tgz. Extracting by manifest.
577 silly tarball no local data for yaml-language-server@https://registry.npmjs.org/yaml-language-server/-/yaml-language-server-1.23.0.tgz. Extracting by manifest.
578 silly tarball no local data for vscode-nls@https://registry.npmjs.org/vscode-nls/-/vscode-nls-5.2.0.tgz. Extracting by manifest.
579 silly tarball no local data for typescript-auto-import-cache@https://registry.npmjs.org/typescript-auto-import-cache/-/typescript-auto-import-cache-0.3.6.tgz. Extracting by manifest.
580 silly tarball no local data for @emmetio/css-abbreviation@https://registry.npmjs.org/@emmetio/css-abbreviation/-/css-abbreviation-2.1.8.tgz. Extracting by manifest.
581 silly tarball no local data for vscode-languageserver-types@https://registry.npmjs.org/vscode-languageserver-types/-/vscode-languageserver-types-3.18.0.tgz. Extracting by manifest.
582 silly tarball no local data for jsonc-parser@https://registry.npmjs.org/jsonc-parser/-/jsonc-parser-2.3.1.tgz. Extracting by manifest.
583 silly tarball no local data for @emmetio/abbreviation@https://registry.npmjs.org/@emmetio/abbreviation/-/abbreviation-2.3.3.tgz. Extracting by manifest.
584 silly tarball no local data for @emmetio/scanner@https://registry.npmjs.org/@emmetio/scanner/-/scanner-1.0.4.tgz. Extracting by manifest.
585 silly tarball no local data for @emmetio/stream-reader-utils@https://registry.npmjs.org/@emmetio/stream-reader-utils/-/stream-reader-utils-0.1.0.tgz. Extracting by manifest.
586 silly tarball no local data for @vscode/emmet-helper@https://registry.npmjs.org/@vscode/emmet-helper/-/emmet-helper-2.11.0.tgz. Extracting by manifest.
587 silly tarball no local data for @emmetio/css-parser@https://registry.npmjs.org/@emmetio/css-parser/-/css-parser-0.4.1.tgz. Extracting by manifest.
588 silly tarball no local data for vscode-css-languageservice@https://registry.npmjs.org/vscode-css-languageservice/-/vscode-css-languageservice-6.3.10.tgz. Extracting by manifest.
589 silly tarball no local data for emmet@https://registry.npmjs.org/emmet/-/emmet-2.4.11.tgz. Extracting by manifest.
590 silly tarball no local data for vscode-languageserver-protocol@https://registry.npmjs.org/vscode-languageserver-protocol/-/vscode-languageserver-protocol-3.18.2.tgz. Extracting by manifest.
591 silly tarball no local data for @emmetio/html-matcher@https://registry.npmjs.org/@emmetio/html-matcher/-/html-matcher-1.3.0.tgz. Extracting by manifest.
592 silly tarball no local data for request-light@https://registry.npmjs.org/request-light/-/request-light-0.7.0.tgz. Extracting by manifest.
593 silly tarball no local data for path-browserify@https://registry.npmjs.org/path-browserify/-/path-browserify-1.0.1.tgz. Extracting by manifest.
594 silly tarball no local data for @emmetio/stream-reader@https://registry.npmjs.org/@emmetio/stream-reader/-/stream-reader-2.2.0.tgz. Extracting by manifest.
595 silly tarball no local data for vscode-languageserver@https://registry.npmjs.org/vscode-languageserver/-/vscode-languageserver-9.0.1.tgz. Extracting by manifest.
596 silly tarball no local data for vscode-languageserver-textdocument@https://registry.npmjs.org/vscode-languageserver-textdocument/-/vscode-languageserver-textdocument-1.0.12.tgz. Extracting by manifest.
597 silly tarball no local data for typesafe-path@https://registry.npmjs.org/typesafe-path/-/typesafe-path-0.2.2.tgz. Extracting by manifest.
598 silly tarball no local data for yaml@https://registry.npmjs.org/yaml/-/yaml-2.9.0.tgz. Extracting by manifest.
599 silly tarball no local data for @volar/source-map@https://registry.npmjs.org/@volar/source-map/-/source-map-2.4.28.tgz. Extracting by manifest.
600 silly tarball no local data for @volar/typescript@https://registry.npmjs.org/@volar/typescript/-/typescript-2.4.28.tgz. Extracting by manifest.
601 silly tarball no local data for volar-service-yaml@https://registry.npmjs.org/volar-service-yaml/-/volar-service-yaml-0.0.71.tgz. Extracting by manifest.
602 silly tarball no local data for vscode-html-languageservice@https://registry.npmjs.org/vscode-html-languageservice/-/vscode-html-languageservice-5.6.2.tgz. Extracting by manifest.
603 silly tarball no local data for volar-service-typescript-twoslash-queries@https://registry.npmjs.org/volar-service-typescript-twoslash-queries/-/volar-service-typescript-twoslash-queries-0.0.71.tgz. Extracting by manifest.
604 silly tarball no local data for volar-service-typescript@https://registry.npmjs.org/volar-service-typescript/-/volar-service-typescript-0.0.71.tgz. Extracting by manifest.
605 silly tarball no local data for volar-service-prettier@https://registry.npmjs.org/volar-service-prettier/-/volar-service-prettier-0.0.71.tgz. Extracting by manifest.
606 silly tarball no local data for volar-service-html@https://registry.npmjs.org/volar-service-html/-/volar-service-html-0.0.71.tgz. Extracting by manifest.
607 silly tarball no local data for vscode-uri@https://registry.npmjs.org/vscode-uri/-/vscode-uri-3.1.0.tgz. Extracting by manifest.
608 silly tarball no local data for volar-service-css@https://registry.npmjs.org/volar-service-css/-/volar-service-css-0.0.71.tgz. Extracting by manifest.
609 silly tarball no local data for muggle-string@https://registry.npmjs.org/muggle-string/-/muggle-string-0.4.1.tgz. Extracting by manifest.
610 silly tarball no local data for volar-service-emmet@https://registry.npmjs.org/volar-service-emmet/-/volar-service-emmet-0.0.71.tgz. Extracting by manifest.
611 silly tarball no local data for @volar/language-server@https://registry.npmjs.org/@volar/language-server/-/language-server-2.4.28.tgz. Extracting by manifest.
612 silly tarball no local data for @volar/language-service@https://registry.npmjs.org/@volar/language-service/-/language-service-2.4.28.tgz. Extracting by manifest.
613 silly tarball no local data for @astrojs/yaml2ts@https://registry.npmjs.org/@astrojs/yaml2ts/-/yaml2ts-0.2.4.tgz. Extracting by manifest.
614 silly tarball no local data for yargs@https://registry.npmjs.org/yargs/-/yargs-17.7.3.tgz. Extracting by manifest.
615 silly tarball no local data for @volar/language-core@https://registry.npmjs.org/@volar/language-core/-/language-core-2.4.28.tgz. Extracting by manifest.
616 silly tarball no local data for chokidar@https://registry.npmjs.org/chokidar/-/chokidar-4.0.3.tgz. Extracting by manifest.
617 silly tarball no local data for @astrojs/language-server@https://registry.npmjs.org/@astrojs/language-server/-/language-server-2.16.11.tgz. Extracting by manifest.
618 silly tarball no local data for @astrojs/check@https://registry.npmjs.org/@astrojs/check/-/check-0.9.9.tgz. Extracting by manifest.
619 silly tarball no local data for ansi-styles@https://registry.npmjs.org/ansi-styles/-/ansi-styles-4.3.0.tgz. Extracting by manifest.
620 silly tarball no local data for wrap-ansi@https://registry.npmjs.org/wrap-ansi/-/wrap-ansi-7.0.0.tgz. Extracting by manifest.
621 silly tarball no local data for jsonc-parser@https://registry.npmjs.org/jsonc-parser/-/jsonc-parser-3.3.1.tgz. Extracting by manifest.
622 silly tarball no local data for yaml@https://registry.npmjs.org/yaml/-/yaml-2.8.3.tgz. Extracting by manifest.
623 silly tarball no local data for request-light@https://registry.npmjs.org/request-light/-/request-light-0.5.8.tgz. Extracting by manifest.
624 silly tarball no local data for vscode-languageserver-types@https://registry.npmjs.org/vscode-languageserver-types/-/vscode-languageserver-types-3.17.5.tgz. Extracting by manifest.
625 silly tarball no local data for vscode-jsonrpc@https://registry.npmjs.org/vscode-jsonrpc/-/vscode-jsonrpc-8.2.0.tgz. Extracting by manifest.
626 silly tarball no local data for vscode-languageserver-types@https://registry.npmjs.org/vscode-languageserver-types/-/vscode-languageserver-types-3.17.5.tgz. Extracting by manifest.
627 silly tarball no local data for vscode-languageserver-protocol@https://registry.npmjs.org/vscode-languageserver-protocol/-/vscode-languageserver-protocol-3.17.5.tgz. Extracting by manifest.
628 silly tarball no local data for @volar/kit@https://registry.npmjs.org/@volar/kit/-/kit-2.4.28.tgz. Extracting by manifest.
629 silly tarball no local data for readdirp@https://registry.npmjs.org/readdirp/-/readdirp-4.1.2.tgz. Extracting by manifest.
630 silly tarball no local data for kleur@https://registry.npmjs.org/kleur/-/kleur-4.1.5.tgz. Extracting by manifest.
631 http fetch GET 200 https://registry.npmjs.org/y18n/-/y18n-5.0.8.tgz 65ms (cache miss)
632 http fetch GET 200 https://registry.npmjs.org/cliui/-/cliui-8.0.1.tgz 64ms (cache miss)
633 http fetch GET 200 https://registry.npmjs.org/color-name/-/color-name-1.1.4.tgz 66ms (cache miss)
634 http fetch GET 200 https://registry.npmjs.org/require-directory/-/require-directory-2.1.1.tgz 65ms (cache miss)
635 http fetch GET 200 https://registry.npmjs.org/require-from-string/-/require-from-string-2.0.2.tgz 66ms (cache miss)
636 http fetch GET 200 https://registry.npmjs.org/escalade/-/escalade-3.2.0.tgz 66ms (cache miss)
637 http fetch GET 200 https://registry.npmjs.org/get-caller-file/-/get-caller-file-2.0.5.tgz 66ms (cache miss)
638 http fetch GET 200 https://registry.npmjs.org/color-convert/-/color-convert-2.0.1.tgz 70ms (cache miss)
639 warn deprecated tsconfck@3.1.6: unmaintained
640 http fetch GET 200 https://registry.npmjs.org/ajv-draft-04/-/ajv-draft-04-1.0.0.tgz 76ms (cache miss)
641 http fetch GET 200 https://registry.npmjs.org/vscode-nls/-/vscode-nls-5.2.0.tgz 87ms (cache miss)
642 http fetch GET 200 https://registry.npmjs.org/vscode-json-languageservice/-/vscode-json-languageservice-4.1.8.tgz 98ms (cache miss)
643 http fetch GET 200 https://registry.npmjs.org/@vscode/l10n/-/l10n-0.0.18.tgz 121ms (cache miss)
644 http fetch GET 200 https://registry.npmjs.org/@emmetio/css-abbreviation/-/css-abbreviation-2.1.8.tgz 130ms (cache miss)
645 http fetch GET 200 https://registry.npmjs.org/vscode-languageserver-types/-/vscode-languageserver-types-3.18.0.tgz 133ms (cache miss)
646 http fetch GET 200 https://registry.npmjs.org/jsonc-parser/-/jsonc-parser-2.3.1.tgz 148ms (cache miss)
647 http fetch GET 200 https://registry.npmjs.org/fast-deep-equal/-/fast-deep-equal-3.1.3.tgz 151ms (cache miss)
648 http fetch GET 200 https://registry.npmjs.org/json-schema-traverse/-/json-schema-traverse-1.0.0.tgz 153ms (cache miss)
649 http fetch GET 200 https://registry.npmjs.org/vscode-jsonrpc/-/vscode-jsonrpc-9.0.1.tgz 161ms (cache miss)
650 http fetch GET 200 https://registry.npmjs.org/fast-uri/-/fast-uri-3.1.3.tgz 170ms (cache miss)
651 http fetch GET 200 https://registry.npmjs.org/typescript-auto-import-cache/-/typescript-auto-import-cache-0.3.6.tgz 172ms (cache miss)
652 http fetch GET 200 https://registry.npmjs.org/ajv-i18n/-/ajv-i18n-4.2.0.tgz 208ms (cache miss)
653 http fetch GET 200 https://registry.npmjs.org/@emmetio/stream-reader-utils/-/stream-reader-utils-0.1.0.tgz 221ms (cache miss)
654 http fetch GET 200 https://registry.npmjs.org/@emmetio/css-parser/-/css-parser-0.4.1.tgz 234ms (cache miss)
655 http fetch GET 200 https://registry.npmjs.org/request-light/-/request-light-0.7.0.tgz 255ms (cache miss)
656 http fetch POST 200 https://registry.npmjs.org/-/npm/v1/security/advisories/bulk 282ms
657 silly audit report {
657 silly audit report   astro: [
657 silly audit report     {
657 silly audit report       id: 1118920,
657 silly audit report       url: 'https://github.com/advisories/GHSA-xr5h-phrj-8vxv',
657 silly audit report       title: 'Astro: Server island encrypted parameters vulnerable to cross-component replay',
657 silly audit report       severity: 'low',
657 silly audit report       vulnerable_versions: '<6.1.10',
657 silly audit report       cwe: [Array],
657 silly audit report       cvss: [Object]
657 silly audit report     },
657 silly audit report     {
657 silly audit report       id: 1120914,
657 silly audit report       url: 'https://github.com/advisories/GHSA-jrpj-wcv7-9fh9',
657 silly audit report       title: 'Astro: XSS via Unescaped Attribute Names in Spread Props',
657 silly audit report       severity: 'moderate',
657 silly audit report       vulnerable_versions: '<6.4.6',
657 silly audit report       cwe: [Array],
657 silly audit report       cvss: [Object]
657 silly audit report     },
657 silly audit report     {
657 silly audit report       id: 1120917,
657 silly audit report       url: 'https://github.com/advisories/GHSA-2pvr-wf23-7pc7',
657 silly audit report       title: 'Astro: Host header SSRF in prerendered error page fetch',
657 silly audit report       severity: 'high',
657 silly audit report       vulnerable_versions: '<6.4.6',
657 silly audit report       cwe: [Array],
657 silly audit report       cvss: [Object]
657 silly audit report     },
657 silly audit report     {
657 silly audit report       id: 1120912,
657 silly audit report       url: 'https://github.com/advisories/GHSA-8hv8-536x-4wqp',
657 silly audit report       title: 'Astro: Reflected XSS via unescaped slot name',
657 silly audit report       severity: 'high',
657 silly audit report       vulnerable_versions: '<6.3.3',
657 silly audit report       cwe: [Array],
657 silly audit report       cvss: [Object]
657 silly audit report     },
657 silly audit report     {
657 silly audit report       id: 1117141,
657 silly audit report       url: 'https://github.com/advisories/GHSA-j687-52p2-xcff',
657 silly audit report       title: 'Astro: XSS in define:vars via incomplete </script> tag sanitization',
657 silly audit report       severity: 'moderate',
657 silly audit report       vulnerable_versions: '<6.1.6',
657 silly audit report       cwe: [Array],
657 silly audit report       cvss: [Object]
657 silly audit report     }
657 silly audit report   ],
657 silly audit report   esbuild: [
657 silly audit report     {
657 silly audit report       id: 1120680,
657 silly audit report       url: 'https://github.com/advisories/GHSA-g7r4-m6w7-qqqr',
657 silly audit report       title: 'esbuild allows arbitrary file read when running the development server on Windows',
657 silly audit report       severity: 'low',
657 silly audit report       vulnerable_versions: '>=0.27.3 <0.28.1',
657 silly audit report       cwe: [Array],
657 silly audit report       cvss: [Object]
657 silly audit report     }
657 silly audit report   ]
657 silly audit report }
658 silly packumentCache corgi:https://registry.npmjs.org/astro cache-miss
659 silly packumentCache corgi:https://registry.npmjs.org/esbuild cache-miss
660 http fetch GET 200 https://registry.npmjs.org/typesafe-path/-/typesafe-path-0.2.2.tgz 283ms (cache miss)
661 http cache https://registry.npmjs.org/esbuild 23ms (cache hit)
662 silly packumentCache corgi:https://registry.npmjs.org/esbuild set size:887361 disposed:false
663 http cache https://registry.npmjs.org/astro 37ms (cache hit)
664 silly packumentCache corgi:https://registry.npmjs.org/astro set size:4458652 disposed:false
665 http fetch GET 200 https://registry.npmjs.org/vscode-languageserver-textdocument/-/vscode-languageserver-textdocument-1.0.12.tgz 393ms (cache miss)
666 http fetch GET 200 https://registry.npmjs.org/volar-service-yaml/-/volar-service-yaml-0.0.71.tgz 395ms (cache miss)
667 http fetch GET 200 https://registry.npmjs.org/path-browserify/-/path-browserify-1.0.1.tgz 396ms (cache miss)
668 http fetch GET 200 https://registry.npmjs.org/volar-service-html/-/volar-service-html-0.0.71.tgz 394ms (cache miss)
669 http fetch GET 200 https://registry.npmjs.org/volar-service-prettier/-/volar-service-prettier-0.0.71.tgz 394ms (cache miss)
670 http fetch GET 200 https://registry.npmjs.org/@emmetio/scanner/-/scanner-1.0.4.tgz 399ms (cache miss)
671 http fetch GET 200 https://registry.npmjs.org/@emmetio/stream-reader/-/stream-reader-2.2.0.tgz 397ms (cache miss)
672 http fetch GET 200 https://registry.npmjs.org/volar-service-typescript-twoslash-queries/-/volar-service-typescript-twoslash-queries-0.0.71.tgz 396ms (cache miss)
673 http fetch GET 200 https://registry.npmjs.org/@vscode/emmet-helper/-/emmet-helper-2.11.0.tgz 404ms (cache miss)
674 http fetch GET 200 https://registry.npmjs.org/@emmetio/abbreviation/-/abbreviation-2.3.3.tgz 413ms (cache miss)
675 http fetch GET 200 https://registry.npmjs.org/@emmetio/html-matcher/-/html-matcher-1.3.0.tgz 415ms (cache miss)
676 http fetch GET 200 https://registry.npmjs.org/vscode-languageserver-protocol/-/vscode-languageserver-protocol-3.18.2.tgz 429ms (cache miss)
677 http fetch GET 200 https://registry.npmjs.org/muggle-string/-/muggle-string-0.4.1.tgz 429ms (cache miss)
678 http fetch GET 200 https://registry.npmjs.org/emmet/-/emmet-2.4.11.tgz 437ms (cache miss)
679 http fetch GET 200 https://registry.npmjs.org/volar-service-css/-/volar-service-css-0.0.71.tgz 453ms (cache miss)
680 http fetch GET 200 https://registry.npmjs.org/@astrojs/yaml2ts/-/yaml2ts-0.2.4.tgz 460ms (cache miss)
681 http fetch GET 200 https://registry.npmjs.org/chokidar/-/chokidar-4.0.3.tgz 462ms (cache miss)
682 http fetch GET 200 https://registry.npmjs.org/vscode-uri/-/vscode-uri-3.1.0.tgz 470ms (cache miss)
683 http fetch GET 200 https://registry.npmjs.org/@volar/language-core/-/language-core-2.4.28.tgz 469ms (cache miss)
684 http fetch GET 200 https://registry.npmjs.org/@astrojs/check/-/check-0.9.9.tgz 469ms (cache miss)
685 http fetch GET 200 https://registry.npmjs.org/volar-service-typescript/-/volar-service-typescript-0.0.71.tgz 474ms (cache miss)
686 http fetch GET 200 https://registry.npmjs.org/volar-service-emmet/-/volar-service-emmet-0.0.71.tgz 477ms (cache miss)
687 http fetch GET 200 https://registry.npmjs.org/ansi-styles/-/ansi-styles-4.3.0.tgz 478ms (cache miss)
688 http fetch GET 200 https://registry.npmjs.org/wrap-ansi/-/wrap-ansi-7.0.0.tgz 478ms (cache miss)
689 http fetch GET 200 https://registry.npmjs.org/@volar/typescript/-/typescript-2.4.28.tgz 488ms (cache miss)
690 http fetch GET 200 https://registry.npmjs.org/vscode-languageserver/-/vscode-languageserver-9.0.1.tgz 493ms (cache miss)
691 http fetch GET 200 https://registry.npmjs.org/request-light/-/request-light-0.5.8.tgz 508ms (cache miss)
692 http fetch GET 200 https://registry.npmjs.org/@volar/language-server/-/language-server-2.4.28.tgz 527ms (cache miss)
693 http fetch GET 200 https://registry.npmjs.org/yargs/-/yargs-17.7.3.tgz 539ms (cache miss)
694 http fetch GET 200 https://registry.npmjs.org/jsonc-parser/-/jsonc-parser-3.3.1.tgz 549ms (cache miss)
695 http fetch GET 200 https://registry.npmjs.org/@volar/source-map/-/source-map-2.4.28.tgz 559ms (cache miss)
696 http fetch GET 200 https://registry.npmjs.org/vscode-languageserver-types/-/vscode-languageserver-types-3.17.5.tgz 559ms (cache miss)
697 http fetch GET 200 https://registry.npmjs.org/kleur/-/kleur-4.1.5.tgz 577ms (cache miss)
698 http fetch GET 200 https://registry.npmjs.org/vscode-languageserver-types/-/vscode-languageserver-types-3.17.5.tgz 580ms (cache miss)
699 http fetch GET 200 https://registry.npmjs.org/readdirp/-/readdirp-4.1.2.tgz 594ms (cache miss)
700 http fetch GET 200 https://registry.npmjs.org/vscode-css-languageservice/-/vscode-css-languageservice-6.3.10.tgz 608ms (cache miss)
701 http fetch GET 200 https://registry.npmjs.org/@volar/kit/-/kit-2.4.28.tgz 606ms (cache miss)
702 http fetch GET 200 https://registry.npmjs.org/vscode-jsonrpc/-/vscode-jsonrpc-8.2.0.tgz 619ms (cache miss)
703 http fetch GET 200 https://registry.npmjs.org/vscode-html-languageservice/-/vscode-html-languageservice-5.6.2.tgz 656ms (cache miss)
704 http fetch GET 200 https://registry.npmjs.org/vscode-languageserver-protocol/-/vscode-languageserver-protocol-3.17.5.tgz 699ms (cache miss)
705 http fetch GET 200 https://registry.npmjs.org/prettier/-/prettier-3.9.4.tgz 740ms (cache miss)
706 http fetch GET 200 https://registry.npmjs.org/@astrojs/language-server/-/language-server-2.16.11.tgz 737ms (cache miss)
707 http fetch GET 200 https://registry.npmjs.org/@volar/language-service/-/language-service-2.4.28.tgz 747ms (cache miss)
708 http fetch GET 200 https://registry.npmjs.org/yaml/-/yaml-2.9.0.tgz 782ms (cache miss)
709 http fetch GET 200 https://registry.npmjs.org/yaml/-/yaml-2.8.3.tgz 802ms (cache miss)
710 http fetch GET 200 https://registry.npmjs.org/ajv/-/ajv-8.20.0.tgz 865ms (cache miss)
711 http fetch GET 200 https://registry.npmjs.org/yaml-language-server/-/yaml-language-server-1.23.0.tgz 1065ms (cache miss)
712 silly ADD node_modules/color-name
713 silly ADD node_modules/color-convert
714 silly ADD node_modules/y18n
715 silly ADD node_modules/require-directory
716 silly ADD node_modules/get-caller-file
717 silly ADD node_modules/escalade
718 silly ADD node_modules/cliui
719 silly ADD node_modules/cliui/node_modules/ansi-styles
720 silly ADD node_modules/cliui/node_modules/ansi-regex
721 silly ADD node_modules/cliui/node_modules/emoji-regex
722 silly ADD node_modules/cliui/node_modules/wrap-ansi
723 silly ADD node_modules/cliui/node_modules/strip-ansi
724 silly ADD node_modules/cliui/node_modules/string-width
725 silly ADD node_modules/require-from-string
726 silly ADD node_modules/json-schema-traverse
727 silly ADD node_modules/fast-uri
728 silly ADD node_modules/fast-deep-equal
729 silly ADD node_modules/vscode-json-languageservice
730 silly ADD node_modules/vscode-json-languageservice/node_modules/jsonc-parser
731 silly ADD node_modules/prettier
732 silly ADD node_modules/ajv-i18n
733 silly ADD node_modules/ajv-draft-04
734 silly ADD node_modules/ajv
735 silly ADD node_modules/vscode-jsonrpc
736 silly ADD node_modules/@vscode/l10n
737 silly ADD node_modules/yaml-language-server
738 silly ADD node_modules/yaml-language-server/node_modules/yaml
739 silly ADD node_modules/yaml-language-server/node_modules/request-light
740 silly ADD node_modules/vscode-nls
741 silly ADD node_modules/typescript-auto-import-cache
742 silly ADD node_modules/@emmetio/css-abbreviation
743 silly ADD node_modules/@emmetio/abbreviation
744 silly ADD node_modules/vscode-languageserver-types
745 silly ADD node_modules/jsonc-parser
746 silly ADD node_modules/emmet
747 silly ADD node_modules/@emmetio/scanner
748 silly ADD node_modules/@emmetio/stream-reader-utils
749 silly ADD node_modules/@emmetio/stream-reader
750 silly ADD node_modules/@vscode/emmet-helper
751 silly ADD node_modules/@emmetio/html-matcher
752 silly ADD node_modules/@emmetio/css-parser
753 silly ADD node_modules/vscode-css-languageservice
754 silly ADD node_modules/vscode-css-languageservice/node_modules/vscode-languageserver-types
755 silly ADD node_modules/vscode-languageserver-protocol
756 silly ADD node_modules/vscode-languageserver
757 silly ADD node_modules/vscode-languageserver/node_modules/vscode-languageserver-types
758 silly ADD node_modules/vscode-languageserver/node_modules/vscode-jsonrpc
759 silly ADD node_modules/vscode-languageserver/node_modules/vscode-languageserver-protocol
760 silly ADD node_modules/request-light
761 silly ADD node_modules/path-browserify
762 silly ADD node_modules/@volar/source-map
763 silly ADD node_modules/vscode-languageserver-textdocument
764 silly ADD node_modules/typesafe-path
765 silly ADD node_modules/@volar/typescript
766 silly ADD node_modules/yaml
767 silly ADD node_modules/vscode-uri
768 silly ADD node_modules/vscode-html-languageservice
769 silly ADD node_modules/volar-service-yaml
770 silly ADD node_modules/volar-service-typescript-twoslash-queries
771 silly ADD node_modules/volar-service-typescript
772 silly ADD node_modules/volar-service-prettier
773 silly ADD node_modules/volar-service-html
774 silly ADD node_modules/volar-service-emmet
775 silly ADD node_modules/volar-service-css
776 silly ADD node_modules/muggle-string
777 silly ADD node_modules/@volar/language-service
778 silly ADD node_modules/@volar/language-server
779 silly ADD node_modules/@volar/language-core
780 silly ADD node_modules/@volar/kit
781 silly ADD node_modules/@jridgewell/sourcemap-codec
782 silly ADD node_modules/@astrojs/yaml2ts
783 silly ADD node_modules/yargs
784 silly ADD node_modules/yargs/node_modules/ansi-regex
785 silly ADD node_modules/yargs/node_modules/strip-ansi
786 silly ADD node_modules/yargs/node_modules/emoji-regex
787 silly ADD node_modules/yargs/node_modules/string-width
788 silly ADD node_modules/chokidar
789 silly ADD node_modules/chokidar/node_modules/readdirp
790 silly ADD node_modules/@astrojs/language-server
791 silly ADD node_modules/@astrojs/check
792 silly ADD node_modules/@astrojs/check/node_modules/kleur
793 silly CHANGE node_modules/tsconfck
794 silly REMOVE node_modules/magic-string/node_modules/@jridgewell/sourcemap-codec
795 verbose cwd /Users/ramyadhamodharan/Sam-hub/saman2ny
796 verbose os Darwin 25.5.0
797 verbose node v24.10.0
798 verbose npm  v11.6.2
799 verbose exit 0
800 info ok
